2023-10-14 07:53:44,313 [INFO] Activator:176 - 


2023-10-14 07:53:44,328 [INFO] Activator:177 - !SESSION log4j initialized
2023-10-14 07:53:57,159 [INFO] LogOutputStream:77 - [STDOUT_REDIRECT] 
2023-10-14 07:54:08,439 [INFO] ApplicationProperties:184 - Using Application install path: C:\ST\STM32CubeIDE_1.3.0\STM32CubeIDE\plugins\com.st.stm32cube.common.mx_6.8.1.202304191431
2023-10-14 07:54:08,618 [INFO] DbMcusXml:78 - Set database path to: C:\ST\STM32CubeIDE_1.3.0\STM32CubeIDE\plugins\com.st.stm32cube.common.mx_6.8.1.202304191431\\db\/mcu/
2023-10-14 07:54:08,618 [INFO] ApiDb:274 - Set plugin database path to: C:\ST\STM32CubeIDE_1.3.0\STM32CubeIDE\plugins\com.st.stm32cube.common.mx_6.8.1.202304191431\\db\/plugins/boardmanager/
2023-10-14 07:54:08,618 [WARN] ApiDb:259 - Overriding images path with different value:  => C:\ST\STM32CubeIDE_1.3.0\STM32CubeIDE\plugins\com.st.stm32cube.common.mx_6.8.1.202304191431\\db\/plugins/mcufinder/images/
2023-10-14 07:54:08,931 [INFO] ApiDb:250 - Set database path to: C:\Users\Balaji\.stmcufinder\plugins\mcufinder//mcu/
2023-10-14 07:54:08,962 [INFO] DbMcusAds:125 - Set database path to: C:\Users\Balaji\.stmcufinder\plugins\mcufinder//mcu/
2023-10-14 07:54:08,962 [INFO] CrossReferenceDbSqlite:203 - Set database path to: C:\Users\Balaji\.stmcufinder\plugins\mcufinder//mcu/cs/
2023-10-14 07:54:09,656 [INFO] RulesReader:64 - Compatibility file has been processed (293 Rules)
2023-10-14 07:54:10,702 [INFO] DbMcusXml:78 - Set database path to: C:\ST\STM32CubeIDE_1.3.0\STM32CubeIDE\plugins\com.st.stm32cube.common.mx_6.8.1.202304191431\\db\/mcu/
2023-10-14 07:54:10,702 [INFO] ApiDb:274 - Set plugin database path to: C:\ST\STM32CubeIDE_1.3.0\STM32CubeIDE\plugins\com.st.stm32cube.common.mx_6.8.1.202304191431\\db\/plugins/boardmanager/
2023-10-14 07:54:10,702 [INFO] ApiDb:261 - Set plugin images path to: C:\ST\STM32CubeIDE_1.3.0\STM32CubeIDE\plugins\com.st.stm32cube.common.mx_6.8.1.202304191431\\db\/plugins/mcufinder/images/
2023-10-14 07:54:10,702 [WARN] DbFile:41 - Overriding database path with different value: C:\Users\Balaji\.stmcufinder\plugins\mcufinder/ => C:\Users\Balaji\.stmcufinder\plugins\mcufinder
2023-10-14 07:54:10,702 [INFO] ApiDb:250 - Set database path to: C:\Users\Balaji\.stmcufinder\plugins\mcufinder//mcu/
2023-10-14 07:54:10,702 [WARN] DbFile:41 - Overriding database path with different value: C:\Users\Balaji\.stmcufinder\plugins\mcufinder/ => C:\Users\Balaji\.stmcufinder\plugins\mcufinder
2023-10-14 07:54:10,702 [INFO] DbMcusAds:125 - Set database path to: C:\Users\Balaji\.stmcufinder\plugins\mcufinder//mcu/
2023-10-14 07:54:10,702 [WARN] DbFile:41 - Overriding database path with different value: C:\Users\Balaji\.stmcufinder\plugins\mcufinder/ => C:\Users\Balaji\.stmcufinder\plugins\mcufinder
2023-10-14 07:54:10,702 [WARN] DbFile:41 - Overriding database path with different value: C:\Users\Balaji\.stmcufinder\plugins\mcufinder/ => C:\Users\Balaji\.stmcufinder\plugins\mcufinder
2023-10-14 07:54:10,702 [INFO] CrossReferenceDbSqlite:203 - Set database path to: C:\Users\Balaji\.stmcufinder\plugins\mcufinder//mcu/cs/
2023-10-14 07:54:11,958 [INFO] MainPanel:253 - HeapMemory: 268435456
2023-10-14 07:54:13,468 [INFO] DbMcusXml:78 - Set database path to: C:\ST\STM32CubeIDE_1.3.0\STM32CubeIDE\plugins\com.st.stm32cube.common.mx_6.8.1.202304191431\\db\/mcu/
2023-10-14 07:54:13,468 [INFO] ApiDb:274 - Set plugin database path to: C:\ST\STM32CubeIDE_1.3.0\STM32CubeIDE\plugins\com.st.stm32cube.common.mx_6.8.1.202304191431\\db\/plugins/boardmanager/
2023-10-14 07:54:13,468 [INFO] ApiDb:261 - Set plugin images path to: C:\ST\STM32CubeIDE_1.3.0\STM32CubeIDE\plugins\com.st.stm32cube.common.mx_6.8.1.202304191431\\db\/plugins/mcufinder/images/
2023-10-14 07:54:13,593 [WARN] DbFile:41 - Overriding database path with different value: C:\Users\Balaji\.stmcufinder\plugins\mcufinder/ => C:\Users\Balaji\.stmcufinder\plugins\mcufinder
2023-10-14 07:54:13,593 [INFO] ApiDb:250 - Set database path to: C:\Users\Balaji\.stmcufinder\plugins\mcufinder//mcu/
2023-10-14 07:54:13,593 [WARN] DbFile:41 - Overriding database path with different value: C:\Users\Balaji\.stmcufinder\plugins\mcufinder/ => C:\Users\Balaji\.stmcufinder\plugins\mcufinder
2023-10-14 07:54:13,593 [INFO] DbMcusAds:125 - Set database path to: C:\Users\Balaji\.stmcufinder\plugins\mcufinder//mcu/
2023-10-14 07:54:13,593 [WARN] DbFile:41 - Overriding database path with different value: C:\Users\Balaji\.stmcufinder\plugins\mcufinder/ => C:\Users\Balaji\.stmcufinder\plugins\mcufinder
2023-10-14 07:54:13,593 [WARN] DbFile:41 - Overriding database path with different value: C:\Users\Balaji\.stmcufinder\plugins\mcufinder/ => C:\Users\Balaji\.stmcufinder\plugins\mcufinder
2023-10-14 07:54:13,593 [INFO] CrossReferenceDbSqlite:203 - Set database path to: C:\Users\Balaji\.stmcufinder\plugins\mcufinder//mcu/cs/
2023-10-14 07:54:13,863 [INFO] ApplicationProperties:184 - Using Application install path: C:\ST\STM32CubeIDE_1.3.0\STM32CubeIDE\plugins\com.st.stm32cube.common.mx_6.8.1.202304191431
2023-10-14 07:54:13,863 [INFO] PluginManage:196 - Search for loadable plugins [exclusion list=, ]
2023-10-14 07:54:13,911 [INFO] PluginManage:310 - Check plugin analytics
2023-10-14 07:54:14,599 [INFO] AnalyticsPlugin:253 - Accepted Software Licenses: STM32CubeMX.5.4.0,STM32CubeMX.6.1.2,STM32CubeMX.6.8.1
2023-10-14 07:54:14,599 [INFO] AnalyticsPlugin:255 - Accepted CMSIS Pack Licenses: 
2023-10-14 07:54:14,599 [INFO] AnalyticsPlugin:257 - Accepted Firmware Licenses: 
2023-10-14 07:54:14,618 [INFO] PluginManage:359 - Loaded plugin analytics (category:tool,tabindex:-1)
2023-10-14 07:54:14,618 [INFO] PluginManage:310 - Check plugin cadmodel
2023-10-14 07:54:14,750 [INFO] CADModel:105 - Init CAD model plugin
2023-10-14 07:54:14,765 [INFO] PluginManage:359 - Loaded plugin cadmodel (category:power,tabindex:5)
2023-10-14 07:54:14,765 [INFO] PluginManage:310 - Check plugin clock
2023-10-14 07:54:14,876 [INFO] PluginManage:359 - Loaded plugin clock (category:base,tabindex:2)
2023-10-14 07:54:14,876 [INFO] PluginManage:310 - Check plugin ddr
2023-10-14 07:54:14,969 [INFO] PluginManage:359 - Loaded plugin ddr (category:tool,tabindex:6)
2023-10-14 07:54:14,969 [INFO] PluginManage:310 - Check plugin filemanager
2023-10-14 07:54:15,958 [INFO] PluginManage:359 - Loaded plugin filemanager (category:base,tabindex:10)
2023-10-14 07:54:15,958 [INFO] PluginManage:310 - Check plugin ipmanager
2023-10-14 07:54:16,082 [INFO] PluginManage:359 - Loaded plugin ipmanager (category:base,tabindex:5)
2023-10-14 07:54:16,082 [INFO] PluginManage:310 - Check plugin lpbam
2023-10-14 07:54:16,146 [INFO] PluginManage:359 - Loaded plugin lpbam (category:base,tabindex:0)
2023-10-14 07:54:16,146 [INFO] PluginManage:310 - Check plugin pinoutandconfiguration
2023-10-14 07:54:16,303 [INFO] PluginManage:359 - Loaded plugin pinoutandconfiguration (category:base,tabindex:1)
2023-10-14 07:54:16,303 [INFO] PluginManage:310 - Check plugin pinoutconfig
2023-10-14 07:54:16,942 [WARN] SupportedApi:132 - Cannot load RTOS API schema: s4s-elt-must-match.1: The content of 'definitions' must match (annotation?, (simpleType | complexType)?, (unique | key | keyref)*)). A problem was found starting at: attribute.
2023-10-14 07:54:17,480 [INFO] PluginManage:359 - Loaded plugin pinoutconfig (category:base,tabindex:0)
2023-10-14 07:54:17,480 [INFO] PluginManage:310 - Check plugin power
2023-10-14 07:54:17,933 [INFO] PluginManage:359 - Loaded plugin power (category:power,tabindex:4)
2023-10-14 07:54:17,933 [INFO] PluginManage:310 - Check plugin projectmanager
2023-10-14 07:54:18,167 [INFO] PluginManage:359 - Loaded plugin projectmanager (category:projectmanager,tabindex:3)
2023-10-14 07:54:18,167 [INFO] PluginManage:310 - Check plugin thirdparty
2023-10-14 07:54:19,402 [INFO] PluginManage:359 - Loaded plugin thirdparty (category:base,tabindex:-1)
2023-10-14 07:54:19,402 [INFO] PluginManage:310 - Check plugin tools
2023-10-14 07:54:19,406 [WARN] IntegrityCheckThread:84 - waiting for thirdparty lock release [integrity check]
2023-10-14 07:54:19,406 [INFO] IntegrityCheckThread:86 - entering critical section [integrity check]
2023-10-14 07:54:19,406 [INFO] ThirdPartyUpdaterWithRetryManager:70 - Updater plugin not ready yet. [1/15]
2023-10-14 07:54:19,438 [INFO] PluginManage:359 - Loaded plugin tools (category:base,tabindex:7)
2023-10-14 07:54:19,438 [INFO] PluginManage:310 - Check plugin tutovideos
2023-10-14 07:54:19,713 [ERROR] LogOutputStream:75 - [STDERR_REDIRECT] SLF4J: Failed to load class "org.slf4j.impl.StaticLoggerBinder".
2023-10-14 07:54:19,713 [ERROR] LogOutputStream:75 - [STDERR_REDIRECT] SLF4J: Defaulting to no-operation (NOP) logger implementation
2023-10-14 07:54:19,713 [ERROR] LogOutputStream:75 - [STDERR_REDIRECT] SLF4J: See http://www.slf4j.org/codes.html#StaticLoggerBinder for further details.
2023-10-14 07:54:20,524 [INFO] PluginManage:359 - Loaded plugin tutovideos (category:base,tabindex:-1)
2023-10-14 07:54:20,524 [INFO] PluginManage:310 - Check plugin updater
2023-10-14 07:54:20,612 [INFO] PluginManage:359 - Loaded plugin updater (category:base,tabindex:12)
2023-10-14 07:54:20,612 [INFO] PluginManage:283 - PluginManage : Loaded plugins [15]
2023-10-14 07:54:22,418 [INFO] ThirdPartyUpdaterWithRetryManager:70 - Updater plugin not ready yet. [2/15]
2023-10-14 07:54:23,186 [INFO] PinOutPanel:1499 - setPackage(No Configuration,No Configuration)
2023-10-14 07:54:24,058 [INFO] CADModel:165 - CPN selected for project level
2023-10-14 07:54:24,058 [INFO] CADModel:114 - Register for checkConnection events
2023-10-14 07:54:24,324 [INFO] IPUIPlugin:80 - create IPUIPlugin
2023-10-14 07:54:24,324 [INFO] PluginManager:220 - loadIPPluginJar : add adc
2023-10-14 07:54:24,386 [INFO] IPUIPlugin:80 - create IPUIPlugin
2023-10-14 07:54:24,386 [INFO] PluginManager:220 - loadIPPluginJar : add aes
2023-10-14 07:54:24,449 [INFO] IPUIPlugin:80 - create IPUIPlugin
2023-10-14 07:54:24,449 [INFO] PluginManager:220 - loadIPPluginJar : add can
2023-10-14 07:54:24,449 [INFO] IPUIPlugin:80 - create IPUIPlugin
2023-10-14 07:54:24,449 [INFO] PluginManager:220 - loadIPPluginJar : add comp
2023-10-14 07:54:24,449 [INFO] IPUIPlugin:80 - create IPUIPlugin
2023-10-14 07:54:24,449 [INFO] PluginManager:220 - loadIPPluginJar : add cryp
2023-10-14 07:54:24,512 [INFO] IPUIPlugin:80 - create IPUIPlugin
2023-10-14 07:54:24,512 [INFO] PluginManager:220 - loadIPPluginJar : add dfsdm
2023-10-14 07:54:24,605 [INFO] IPUIPlugin:80 - create IPUIPlugin
2023-10-14 07:54:24,605 [INFO] PluginManager:220 - loadIPPluginJar : add dma
2023-10-14 07:54:24,615 [INFO] IPUIPlugin:80 - create IPUIPlugin
2023-10-14 07:54:24,615 [INFO] PluginManager:220 - loadIPPluginJar : add dma3
2023-10-14 07:54:24,661 [INFO] IPUIPlugin:80 - create IPUIPlugin
2023-10-14 07:54:24,661 [INFO] PluginManager:220 - loadIPPluginJar : add fatfs
2023-10-14 07:54:24,693 [INFO] IPUIPlugin:80 - create IPUIPlugin
2023-10-14 07:54:24,708 [INFO] PluginManager:220 - loadIPPluginJar : add fmc
2023-10-14 07:54:24,783 [INFO] IPUIPlugin:80 - create IPUIPlugin
2023-10-14 07:54:24,783 [INFO] PluginManager:220 - loadIPPluginJar : add freertos
2023-10-14 07:54:24,799 [INFO] IPUIPlugin:80 - create IPUIPlugin
2023-10-14 07:54:24,799 [INFO] PluginManager:220 - loadIPPluginJar : add genericplugin
2023-10-14 07:54:24,831 [INFO] IPUIPlugin:80 - create IPUIPlugin
2023-10-14 07:54:24,831 [INFO] PluginManager:220 - loadIPPluginJar : add gfxmmu
2023-10-14 07:54:24,878 [INFO] IPUIPlugin:80 - create IPUIPlugin
2023-10-14 07:54:24,878 [INFO] PluginManager:220 - loadIPPluginJar : add gic
2023-10-14 07:54:24,936 [INFO] IPUIPlugin:80 - create IPUIPlugin
2023-10-14 07:54:24,936 [INFO] PluginManager:220 - loadIPPluginJar : add gpio
2023-10-14 07:54:24,969 [INFO] IPUIPlugin:80 - create IPUIPlugin
2023-10-14 07:54:24,969 [INFO] PluginManager:220 - loadIPPluginJar : add gtzc
2023-10-14 07:54:24,984 [INFO] IPUIPlugin:80 - create IPUIPlugin
2023-10-14 07:54:24,984 [INFO] PluginManager:220 - loadIPPluginJar : add hash
2023-10-14 07:54:25,031 [INFO] IPUIPlugin:80 - create IPUIPlugin
2023-10-14 07:54:25,031 [INFO] PluginManager:220 - loadIPPluginJar : add i2c
2023-10-14 07:54:25,047 [INFO] IPUIPlugin:80 - create IPUIPlugin
2023-10-14 07:54:25,047 [INFO] PluginManager:220 - loadIPPluginJar : add i2s
2023-10-14 07:54:25,079 [INFO] IPUIPlugin:80 - create IPUIPlugin
2023-10-14 07:54:25,079 [INFO] PluginManager:220 - loadIPPluginJar : add i3c
2023-10-14 07:54:25,189 [INFO] IPUIPlugin:80 - create IPUIPlugin
2023-10-14 07:54:25,205 [INFO] PluginManager:220 - loadIPPluginJar : add ipddr
2023-10-14 07:54:25,299 [INFO] IPUIPlugin:80 - create IPUIPlugin
2023-10-14 07:54:25,299 [INFO] PluginManager:220 - loadIPPluginJar : add linkedlist
2023-10-14 07:54:25,393 [INFO] IPUIPlugin:80 - create IPUIPlugin
2023-10-14 07:54:25,393 [INFO] PluginManager:220 - loadIPPluginJar : add lorawan
2023-10-14 07:54:25,424 [INFO] ThirdPartyUpdaterWithRetryManager:70 - Updater plugin not ready yet. [3/15]
2023-10-14 07:54:25,424 [INFO] IPUIPlugin:80 - create IPUIPlugin
2023-10-14 07:54:25,424 [INFO] PluginManager:220 - loadIPPluginJar : add ltdc
2023-10-14 07:54:25,492 [INFO] IPUIPlugin:80 - create IPUIPlugin
2023-10-14 07:54:25,492 [INFO] PluginManager:220 - loadIPPluginJar : add mdma
2023-10-14 07:54:25,617 [INFO] IPUIPlugin:80 - create IPUIPlugin
2023-10-14 07:54:25,617 [INFO] PluginManager:220 - loadIPPluginJar : add nvic
2023-10-14 07:54:25,664 [INFO] IPUIPlugin:80 - create IPUIPlugin
2023-10-14 07:54:25,664 [INFO] PluginManager:220 - loadIPPluginJar : add opamp
2023-10-14 07:54:25,680 [INFO] IPUIPlugin:80 - create IPUIPlugin
2023-10-14 07:54:25,680 [INFO] PluginManager:220 - loadIPPluginJar : add openamp
2023-10-14 07:54:25,711 [INFO] IPUIPlugin:80 - create IPUIPlugin
2023-10-14 07:54:25,711 [INFO] PluginManager:220 - loadIPPluginJar : add pdm2pcm
2023-10-14 07:54:25,742 [INFO] IPUIPlugin:80 - create IPUIPlugin
2023-10-14 07:54:25,742 [INFO] PluginManager:220 - loadIPPluginJar : add plateformsettings
2023-10-14 07:54:25,766 [INFO] IPUIPlugin:80 - create IPUIPlugin
2023-10-14 07:54:25,766 [INFO] PluginManager:220 - loadIPPluginJar : add quadspi
2023-10-14 07:54:25,828 [INFO] IPUIPlugin:80 - create IPUIPlugin
2023-10-14 07:54:25,828 [INFO] PluginManager:220 - loadIPPluginJar : add resmgrutility
2023-10-14 07:54:25,859 [INFO] IPUIPlugin:80 - create IPUIPlugin
2023-10-14 07:54:25,859 [INFO] PluginManager:220 - loadIPPluginJar : add sai
2023-10-14 07:54:25,891 [INFO] IPUIPlugin:80 - create IPUIPlugin
2023-10-14 07:54:25,891 [INFO] PluginManager:220 - loadIPPluginJar : add spi
2023-10-14 07:54:25,906 [INFO] IPUIPlugin:80 - create IPUIPlugin
2023-10-14 07:54:25,906 [INFO] PluginManager:220 - loadIPPluginJar : add stm32_wpan
2023-10-14 07:54:25,953 [INFO] IPUIPlugin:80 - create IPUIPlugin
2023-10-14 07:54:25,953 [INFO] PluginManager:220 - loadIPPluginJar : add tim
2023-10-14 07:54:26,011 [INFO] IPUIPlugin:80 - create IPUIPlugin
2023-10-14 07:54:26,011 [INFO] PluginManager:220 - loadIPPluginJar : add touchsensing
2023-10-14 07:54:26,058 [INFO] IPUIPlugin:80 - create IPUIPlugin
2023-10-14 07:54:26,058 [INFO] PluginManager:220 - loadIPPluginJar : add tracer_emb
2023-10-14 07:54:26,075 [INFO] IPUIPlugin:80 - create IPUIPlugin
2023-10-14 07:54:26,075 [INFO] PluginManager:220 - loadIPPluginJar : add ts
2023-10-14 07:54:26,091 [INFO] IPUIPlugin:80 - create IPUIPlugin
2023-10-14 07:54:26,091 [INFO] PluginManager:220 - loadIPPluginJar : add tsc
2023-10-14 07:54:26,091 [INFO] IPUIPlugin:80 - create IPUIPlugin
2023-10-14 07:54:26,091 [INFO] PluginManager:220 - loadIPPluginJar : add ucpd
2023-10-14 07:54:26,138 [INFO] IPUIPlugin:80 - create IPUIPlugin
2023-10-14 07:54:26,138 [INFO] PluginManager:220 - loadIPPluginJar : add usart
2023-10-14 07:54:26,158 [INFO] IPUIPlugin:80 - create IPUIPlugin
2023-10-14 07:54:26,158 [INFO] PluginManager:220 - loadIPPluginJar : add usbx
2023-10-14 07:54:26,748 [INFO] CADModel:165 - CPN selected for project level
2023-10-14 07:54:26,748 [INFO] CADModel:114 - Register for checkConnection events
2023-10-14 07:54:26,748 [FATAL] Updater:308 - Updater called before beeing initialized
2023-10-14 07:54:26,748 [ERROR] CADModel:125 - Updater not yet initialized, retry later 
2023-10-14 07:54:28,244 [INFO] CADModel:165 - CPN selected for project level
2023-10-14 07:54:28,244 [INFO] CADModel:114 - Register for checkConnection events
2023-10-14 07:54:28,244 [FATAL] Updater:308 - Updater called before beeing initialized
2023-10-14 07:54:28,244 [ERROR] CADModel:125 - Updater not yet initialized, retry later 
2023-10-14 07:54:28,275 [FATAL] Updater:308 - Updater called before beeing initialized
2023-10-14 07:54:28,440 [INFO] ThirdPartyUpdaterWithRetryManager:70 - Updater plugin not ready yet. [4/15]
2023-10-14 07:54:28,986 [FATAL] Updater:308 - Updater called before beeing initialized
2023-10-14 07:54:29,002 [INFO] DbMcusAds:53 - JSON generation date=Tue Mar 07 14:20:55 IST 2023 (1678179055335)
2023-10-14 07:54:29,002 [FATAL] Updater:308 - Updater called before beeing initialized
2023-10-14 07:54:29,717 [WARN] DetailPanel:346 - Failed to get advertising image, set to default
2023-10-14 07:54:30,068 [FATAL] Updater:308 - Updater called before beeing initialized
2023-10-14 07:54:30,132 [FATAL] Updater:308 - Updater called before beeing initialized
2023-10-14 07:54:30,132 [FATAL] Updater:308 - Updater called before beeing initialized
2023-10-14 07:54:30,132 [WARN] DetailPanel:346 - Failed to get advertising image, set to default
2023-10-14 07:54:30,147 [FATAL] Updater:308 - Updater called before beeing initialized
2023-10-14 07:54:30,882 [ERROR] Updater:1120 - MainUpdater not yet initialized. External WinMGr cannot be set.
2023-10-14 07:54:30,929 [INFO] Updater:1056 - Updater Version found : 6.8.1
2023-10-14 07:54:31,022 [INFO] ApplicationProperties:184 - Using Application install path: C:\ST\STM32CubeIDE_1.3.0\STM32CubeIDE\plugins\com.st.stm32cube.common.mx_6.8.1.202304191431
2023-10-14 07:54:31,449 [FATAL] Updater:308 - Updater called before beeing initialized
2023-10-14 07:54:31,449 [ERROR] IntegrityCheckThread:130 - Cannot retrieve database content from updater: error 21
2023-10-14 07:54:31,449 [INFO] ThirdParty:978 - Integrity check success = false
2023-10-14 07:54:31,449 [INFO] IntegrityCheckThread:100 - exiting critical section [integrity check]
2023-10-14 07:54:31,449 [INFO] IntegrityCheckThread:103 - End integrity checks thread
2023-10-14 07:54:36,843 [INFO] MainUpdater:2854 - connection check result : 10
2023-10-14 07:54:36,843 [INFO] MainUpdater:3548 - Updater definition file requires update
2023-10-14 07:54:36,845 [INFO] MainUpdater:283 - Updater Check For Update Now.
2023-10-14 07:54:36,846 [INFO] MicroXplorer:498 - Change Database Version : DB.6.0.81
2023-10-14 07:54:38,295 [INFO] ServerAccessManage:473 - Download File updaters.zip
2023-10-14 07:54:39,503 [INFO] FileExtend:240 - Unzip File : updaters.zip
2023-10-14 07:54:39,503 [INFO] FileExtend:255 - Standard Zip Deflate
2023-10-14 07:54:43,237 [INFO] ServerAccessManage:473 - Download File PacksControlFlags.xml
2023-10-14 07:54:44,604 [INFO] ServerAccessManage:473 - Download File cubemx.pidx
2023-10-14 07:54:46,742 [INFO] ServerAccessManage:473 - Download File STMicroelectronics.FP-SNS-FLIGHT1.pdsc
2023-10-14 07:54:49,952 [INFO] ServerAccessManage:473 - Download File STMicroelectronics.FP-SNS-SMARTAG2.pdsc
2023-10-14 07:54:51,797 [INFO] ServerAccessManage:473 - Download File STMicroelectronics.X-CUBE-AI.pdsc
2023-10-14 07:54:57,570 [INFO] MainUpdater:2854 - connection check result : 10
2023-10-14 07:55:07,319 [INFO] ServerAccessManage:473 - Download File STMicroelectronics.X-CUBE-BLE1.pdsc
2023-10-14 07:55:19,594 [ERROR] ServerAccessManage:1089 - Problem, file not found on Server
2023-10-14 07:55:19,637 [INFO] ApiDb:581 - Connected to CubeFinder SQLite database (C:\Users\Balaji\.stmcufinder\plugins\mcufinder\mcu\cube-finder-db.db)
2023-10-14 07:55:20,238 [INFO] ApiDb:668 - CubeFinder database Data Model version=2.1
2023-10-14 07:55:20,238 [INFO] ApiDb:669 - CubeFinder database Configuration version=3.0.35
2023-10-14 07:55:20,238 [INFO] ApiDb:670 - CubeFinder database generation date=2023-04-03 (1680511692)
2023-10-14 07:55:20,238 [INFO] ApiDb:671 - CubeFinder database FW Pack versions=[FP-ATR-ASTRA1_V2.0.0, STM32Cube_FW_C0_V1.0.1, STM32Cube_FW_F0_V1.11.4, STM32Cube_FW_F3_V1.11.4, STM32Cube_FW_F4_V1.27.1, STM32Cube_FW_F7_V1.17.0, STM32Cube_FW_G0_V1.6.1, STM32Cube_FW_G4_V1.5.1, STM32Cube_FW_H5_V0.5.1, STM32Cube_FW_H5_V1.0.0, STM32Cube_FW_H7_V1.11.0, STM32Cube_FW_L0_V1.12.2, STM32Cube_FW_L5_V1.5.0, STM32Cube_FW_U5_V1.2.0, STM32Cube_FW_WBA_V1.0.0, STM32Cube_FW_WBA_V1.0.0RC1, STM32Cube_FW_WBA_V1.0.0RC3, STM32Cube_FW_WB_V1.15.0RC1, STM32Cube_FW_WB_V1.16.0, STM32Cube_FW_WB_V1.16.0RC2, STM32Cube_FW_WL_V1.3.0, X-CUBE-ALGOBUILD_V1.3.0, X-CUBE-ALS_V1.0.1, X-CUBE-AZRTOS-F4_V1.1.0, X-CUBE-AZRTOS-F7_V1.1.0, X-CUBE-AZRTOS-G0_V1.1.0, X-CUBE-AZRTOS-G4_V1.0.0, X-CUBE-AZRTOS-H7_V3.0.0, X-CUBE-AZRTOS-L4_V1.0.0, X-CUBE-AZRTOS-L5_V1.1.0, X-CUBE-AZRTOS-WB_V1.1.0, X-CUBE-AZRTOS-WL_V1.0.0, X-CUBE-BLE1_V6.2.4, X-CUBE-BLE2_V3.3.0, X-CUBE-BLEMGR_V1.3.0, X-CUBE-EEPRMA1_V4.1.0, X-CUBE-FREERTOS_V1.0.1, X-CUBE-GNSS1_V6.0.0, X-CUBE-MEMS1_V9.1.0, X-CUBE-MEMS1_V9.4.0, X-CUBE-MEMS1_V9.5.0, X-CUBE-NFC4_V3.0.0, X-CUBE-NFC7_V1.0.0, X-CUBE-SFXS2LP1_V4.0.0, X-CUBE-SUBG2_V5.0.0]
2023-10-14 07:55:20,928 [INFO] ServerAccessManage:473 - Download File STMicroelectronics.X-CUBE-FREERTOS.pdsc
2023-10-14 07:55:21,842 [INFO] DbBoardsSqlite:226 - include board P-NUCLEO-WB55-NUCLEO as a kit item of type 'Nucleo-64'
2023-10-14 07:55:21,842 [INFO] DbBoardsSqlite:226 - include board P-NUCLEO-WB55-USBDONGLE as a kit item of type 'Nucleo USB Dongle'
2023-10-14 07:55:21,889 [INFO] DbBoardsSqlite:226 - include board STEVAL-IDP005V1 as a kit item of type 'Evaluation Board'
2023-10-14 07:55:21,889 [INFO] DbBoardsSqlite:226 - include board STEVAL-IDP005V2 as a kit item of type 'Evaluation Board'
2023-10-14 07:55:23,211 [INFO] ApiDb:240 - Found 297 in-development CPN: [B-G473E-ZEST1S, B-WB1M-WPAN1, B-WL5M-SUBG1, NUCLEO-C031C6, NUCLEO-H503RB, NUCLEO-H563ZI, NUCLEO-U545RE-Q, NUCLEO-U5A5ZJ-Q, NUCLEO-WBA52CG, STEVAL-PROTEUS1, STEVAL-STWINBX1, STM320518-EVAL, STM32C0116-DK, STM32C011D6Y3TR, STM32C011D6Y6TR, STM32C011F4P3, STM32C011F4P6, STM32C011F4U3, STM32C011F4U6TR, STM32C011F6P3, STM32C011F6P6, STM32C011F6U3, STM32C011F6U6TR, STM32C011J4M3, STM32C011J4M6, STM32C011J6M3, STM32C011J6M6, STM32C0316-DK, STM32C031C4T3, STM32C031C4T6, STM32C031C4U3, STM32C031C4U6, STM32C031C6T3, STM32C031C6T6, STM32C031C6U3, STM32C031C6U6, STM32C031F4P3, STM32C031F4P6, STM32C031F6P3, STM32C031F6P6, STM32C031G4U3, STM32C031G4U6, STM32C031G6U3, STM32C031G6U6, STM32C031K4T3, STM32C031K4T6, STM32C031K4U3, STM32C031K4U6, STM32C031K6T3, STM32C031K6T6, STM32C031K6U3, STM32C031K6U6, STM32G071K8TXN, STM32G071K8UXN, STM32G081GBU6N, STM32G081KBT6N, STM32G081KBUXN, STM32G0B1CCT6N, STM32G0B1KCT6, STM32G0B1NEY6TR, STM32G0B1RCT6N, STM32G0C1CCT6, STM32G0C1CCT6N, STM32G0C1CCU6N, STM32G0C1CET6N, STM32G0C1CEU6N, STM32G0C1KCT6, STM32G0C1NEY6TR, STM32G0C1RCI6N, STM32G0C1RCT6N, STM32G0C1REI6N, STM32G0C1RET6N, STM32G0C1VCI6, STM32G0C1VEI6, STM32G471CCT6, STM32G471CCU6, STM32G471CET3, STM32G471CET6, STM32G471CEU3, STM32G471CEU6, STM32G471MCT6, STM32G471MET3, STM32G471MET6, STM32G471MEY6TR, STM32G471QCT6, STM32G471QET3, STM32G471RCT6, STM32G471RET3, STM32G471RET6, STM32G471VCH6, STM32G471VCI6, STM32G471VCT6, STM32G471VEH3, STM32G471VEH6, STM32G471VEI3, STM32G471VEI6, STM32G471VET3, STM32G471VET6, STM32G474CCT6, STM32H503CBT6, STM32H503CBU6, STM32H503EBY6TR, STM32H503KBU6, STM32H503RBT6, STM32H562AGI6, STM32H562AII6, STM32H562IGK6, STM32H562IGT6, STM32H562IIK6, STM32H562IIT6, STM32H562RGT6, STM32H562RGV6, STM32H562RIT6, STM32H562RIV6, STM32H562VGT6, STM32H562VIT6, STM32H562ZGT6, STM32H562ZIT6, STM32H563AGI6, STM32H563AII3Q, STM32H563AII6, STM32H563IGK6, STM32H563IGT6, STM32H563IIK3Q, STM32H563IIK6, STM32H563IIT3Q, STM32H563IIT6, STM32H563MIY3QTR, STM32H563RGT6, STM32H563RGV6, STM32H563RIT6, STM32H563RIV6, STM32H563VGT6, STM32H563VIT3Q, STM32H563VIT6, STM32H563ZGT6, STM32H563ZIT3Q, STM32H563ZIT6, STM32H573AII3Q, STM32H573AII6, STM32H573I-DK, STM32H573IIK3Q, STM32H573IIK6, STM32H573IIT3Q, STM32H573IIT6, STM32H573MIY3QTR, STM32H573RIT6, STM32H573RIV6, STM32H573VIT3Q, STM32H573VIT6, STM32H573ZIT3Q, STM32H573ZIT6, STM32L4R5QGI6STR, STM32MP131AAE3, STM32MP131AAF3, STM32MP131AAG3, STM32MP131CAE3, STM32MP131CAF3, STM32MP131CAG3, STM32MP131DAE7, STM32MP131DAF7, STM32MP131DAG7, STM32MP131FAE7, STM32MP131FAF7, STM32MP131FAG7, STM32MP133AAE3, STM32MP133AAF3, STM32MP133AAG3, STM32MP133CAE3, STM32MP133CAF3, STM32MP133CAG3, STM32MP133DAE7, STM32MP133DAF7, STM32MP133DAG7, STM32MP133FAE7, STM32MP133FAF7, STM32MP133FAG7, STM32MP135AAE3, STM32MP135AAF3, STM32MP135AAG3, STM32MP135CAE3, STM32MP135CAF3, STM32MP135CAG3, STM32MP135DAE7, STM32MP135DAF7, STM32MP135DAG7, STM32MP135F-DK, STM32MP135FAE7, STM32MP135FAF7, STM32MP135FAF7T, STM32MP135FAF7U, STM32MP135FAG7, STM32U535CBT6, STM32U535CBT6Q, STM32U535CBU6, STM32U535CBU6Q, STM32U535CCT6, STM32U535CCT6Q, STM32U535CCU6, STM32U535CCU6Q, STM32U535CET6, STM32U535CET6Q, STM32U535CEU6, STM32U535CEU6Q, STM32U535JEY6QTR, STM32U535NCY6QTR, STM32U535NEY6QTR, STM32U535RBI6, STM32U535RBI6Q, STM32U535RBT6, STM32U535RBT6Q, STM32U535RCI6, STM32U535RCI6Q, STM32U535RCT6, STM32U535RCT6Q, STM32U535REI6, STM32U535REI6Q, STM32U535RET6, STM32U535RET6Q, STM32U535VCI6, STM32U535VCI6Q, STM32U535VCT6, STM32U535VCT6Q, STM32U535VEI6, STM32U535VEI6Q, STM32U535VET6, STM32U535VET6Q, STM32U545CET6, STM32U545CET6Q, STM32U545CEU6, STM32U545CEU6Q, STM32U545JEY6QTR, STM32U545NEY6QTR, STM32U545REI6, STM32U545REI6Q, STM32U545RET6, STM32U545RET6Q, STM32U545VEI6, STM32U545VEI6Q, STM32U545VET6, STM32U545VET6Q, STM32U595AIH6, STM32U595AIH6Q, STM32U595AJH6, STM32U595AJH6Q, STM32U595QII6, STM32U595QII6Q, STM32U595QJI6, STM32U595QJI6Q, STM32U595RIT6, STM32U595RIT6Q, STM32U595RJT6, STM32U595RJT6Q, STM32U595VIT6, STM32U595VIT6Q, STM32U595VJT6, STM32U595VJT6Q, STM32U595ZIT6, STM32U595ZIT6Q, STM32U595ZIY6QTR, STM32U595ZJT6, STM32U595ZJT6Q, STM32U595ZJY6QTR, STM32U599BJY6QTR, STM32U599NIH6Q, STM32U599NJH6Q, STM32U599VIT6Q, STM32U599VJT6, STM32U599VJT6Q, STM32U599ZIT6Q, STM32U599ZIY6QTR, STM32U599ZJT6Q, STM32U599ZJY6QTR, STM32U5A5AJH6, STM32U5A5AJH6Q, STM32U5A5QJI6, STM32U5A5QJI6Q, STM32U5A5RJT6, STM32U5A5RJT6Q, STM32U5A5VJT6, STM32U5A5VJT6Q, STM32U5A5ZJT6, STM32U5A5ZJT6Q, STM32U5A5ZJY6QTR, STM32U5A9BJY6QTR, STM32U5A9J-DK, STM32U5A9NJH6Q, STM32U5A9VJT6Q, STM32U5A9ZJT6Q, STM32U5A9ZJY6QTR, STM32WB1MMCH6, STM32WBA52CEU6, STM32WBA52CEU6T, STM32WBA52CGU6, STM32WBA52CGU6T, STM32WL5MOCH6, STM32WL5MOCH6TR]
2023-10-14 07:55:23,520 [INFO] BoardInfo:880 - No configuration file found for board P-NUCLEO-WB55
2023-10-14 07:55:23,520 [INFO] DbBoards:157 - Kit is not supported: P-NUCLEO-WB55
2023-10-14 07:55:23,520 [INFO] BoardInfo:880 - No configuration file found for board STEVAL-BFA001V1B
2023-10-14 07:55:23,520 [INFO] DbBoards:157 - Kit is not supported: STEVAL-BFA001V1B
2023-10-14 07:55:23,520 [INFO] BoardInfo:880 - No configuration file found for board STEVAL-BFA001V2B
2023-10-14 07:55:23,520 [INFO] DbBoards:157 - Kit is not supported: STEVAL-BFA001V2B
2023-10-14 07:55:23,721 [INFO] DbBoards:161 - Found 187 boards, 184 are supported
2023-10-14 07:55:23,721 [INFO] ApiDb:668 - CubeFinder database Data Model version=2.1
2023-10-14 07:55:23,721 [INFO] ApiDb:669 - CubeFinder database Configuration version=3.0.35
2023-10-14 07:55:23,721 [INFO] ApiDb:670 - CubeFinder database generation date=2023-04-03 (1680511692)
2023-10-14 07:55:23,721 [INFO] ApiDb:671 - CubeFinder database FW Pack versions=[FP-ATR-ASTRA1_V2.0.0, STM32Cube_FW_C0_V1.0.1, STM32Cube_FW_F0_V1.11.4, STM32Cube_FW_F3_V1.11.4, STM32Cube_FW_F4_V1.27.1, STM32Cube_FW_F7_V1.17.0, STM32Cube_FW_G0_V1.6.1, STM32Cube_FW_G4_V1.5.1, STM32Cube_FW_H5_V0.5.1, STM32Cube_FW_H5_V1.0.0, STM32Cube_FW_H7_V1.11.0, STM32Cube_FW_L0_V1.12.2, STM32Cube_FW_L5_V1.5.0, STM32Cube_FW_U5_V1.2.0, STM32Cube_FW_WBA_V1.0.0, STM32Cube_FW_WBA_V1.0.0RC1, STM32Cube_FW_WBA_V1.0.0RC3, STM32Cube_FW_WB_V1.15.0RC1, STM32Cube_FW_WB_V1.16.0, STM32Cube_FW_WB_V1.16.0RC2, STM32Cube_FW_WL_V1.3.0, X-CUBE-ALGOBUILD_V1.3.0, X-CUBE-ALS_V1.0.1, X-CUBE-AZRTOS-F4_V1.1.0, X-CUBE-AZRTOS-F7_V1.1.0, X-CUBE-AZRTOS-G0_V1.1.0, X-CUBE-AZRTOS-G4_V1.0.0, X-CUBE-AZRTOS-H7_V3.0.0, X-CUBE-AZRTOS-L4_V1.0.0, X-CUBE-AZRTOS-L5_V1.1.0, X-CUBE-AZRTOS-WB_V1.1.0, X-CUBE-AZRTOS-WL_V1.0.0, X-CUBE-BLE1_V6.2.4, X-CUBE-BLE2_V3.3.0, X-CUBE-BLEMGR_V1.3.0, X-CUBE-EEPRMA1_V4.1.0, X-CUBE-FREERTOS_V1.0.1, X-CUBE-GNSS1_V6.0.0, X-CUBE-MEMS1_V9.1.0, X-CUBE-MEMS1_V9.4.0, X-CUBE-MEMS1_V9.5.0, X-CUBE-NFC4_V3.0.0, X-CUBE-NFC7_V1.0.0, X-CUBE-SFXS2LP1_V4.0.0, X-CUBE-SUBG2_V5.0.0]
2023-10-14 07:55:24,963 [INFO] ServerAccessManage:473 - Download File STMicroelectronics.X-CUBE-NFC6.pdsc
2023-10-14 07:55:27,366 [INFO] ServerAccessManage:473 - Download File STMicroelectronics.X-CUBE-TOF1.pdsc
2023-10-14 07:55:28,345 [INFO] ApiDb:240 - Found 297 in-development CPN: [B-G473E-ZEST1S, B-WB1M-WPAN1, B-WL5M-SUBG1, NUCLEO-C031C6, NUCLEO-H503RB, NUCLEO-H563ZI, NUCLEO-U545RE-Q, NUCLEO-U5A5ZJ-Q, NUCLEO-WBA52CG, STEVAL-PROTEUS1, STEVAL-STWINBX1, STM320518-EVAL, STM32C0116-DK, STM32C011D6Y3TR, STM32C011D6Y6TR, STM32C011F4P3, STM32C011F4P6, STM32C011F4U3, STM32C011F4U6TR, STM32C011F6P3, STM32C011F6P6, STM32C011F6U3, STM32C011F6U6TR, STM32C011J4M3, STM32C011J4M6, STM32C011J6M3, STM32C011J6M6, STM32C0316-DK, STM32C031C4T3, STM32C031C4T6, STM32C031C4U3, STM32C031C4U6, STM32C031C6T3, STM32C031C6T6, STM32C031C6U3, STM32C031C6U6, STM32C031F4P3, STM32C031F4P6, STM32C031F6P3, STM32C031F6P6, STM32C031G4U3, STM32C031G4U6, STM32C031G6U3, STM32C031G6U6, STM32C031K4T3, STM32C031K4T6, STM32C031K4U3, STM32C031K4U6, STM32C031K6T3, STM32C031K6T6, STM32C031K6U3, STM32C031K6U6, STM32G071K8TXN, STM32G071K8UXN, STM32G081GBU6N, STM32G081KBT6N, STM32G081KBUXN, STM32G0B1CCT6N, STM32G0B1KCT6, STM32G0B1NEY6TR, STM32G0B1RCT6N, STM32G0C1CCT6, STM32G0C1CCT6N, STM32G0C1CCU6N, STM32G0C1CET6N, STM32G0C1CEU6N, STM32G0C1KCT6, STM32G0C1NEY6TR, STM32G0C1RCI6N, STM32G0C1RCT6N, STM32G0C1REI6N, STM32G0C1RET6N, STM32G0C1VCI6, STM32G0C1VEI6, STM32G471CCT6, STM32G471CCU6, STM32G471CET3, STM32G471CET6, STM32G471CEU3, STM32G471CEU6, STM32G471MCT6, STM32G471MET3, STM32G471MET6, STM32G471MEY6TR, STM32G471QCT6, STM32G471QET3, STM32G471RCT6, STM32G471RET3, STM32G471RET6, STM32G471VCH6, STM32G471VCI6, STM32G471VCT6, STM32G471VEH3, STM32G471VEH6, STM32G471VEI3, STM32G471VEI6, STM32G471VET3, STM32G471VET6, STM32G474CCT6, STM32H503CBT6, STM32H503CBU6, STM32H503EBY6TR, STM32H503KBU6, STM32H503RBT6, STM32H562AGI6, STM32H562AII6, STM32H562IGK6, STM32H562IGT6, STM32H562IIK6, STM32H562IIT6, STM32H562RGT6, STM32H562RGV6, STM32H562RIT6, STM32H562RIV6, STM32H562VGT6, STM32H562VIT6, STM32H562ZGT6, STM32H562ZIT6, STM32H563AGI6, STM32H563AII3Q, STM32H563AII6, STM32H563IGK6, STM32H563IGT6, STM32H563IIK3Q, STM32H563IIK6, STM32H563IIT3Q, STM32H563IIT6, STM32H563MIY3QTR, STM32H563RGT6, STM32H563RGV6, STM32H563RIT6, STM32H563RIV6, STM32H563VGT6, STM32H563VIT3Q, STM32H563VIT6, STM32H563ZGT6, STM32H563ZIT3Q, STM32H563ZIT6, STM32H573AII3Q, STM32H573AII6, STM32H573I-DK, STM32H573IIK3Q, STM32H573IIK6, STM32H573IIT3Q, STM32H573IIT6, STM32H573MIY3QTR, STM32H573RIT6, STM32H573RIV6, STM32H573VIT3Q, STM32H573VIT6, STM32H573ZIT3Q, STM32H573ZIT6, STM32L4R5QGI6STR, STM32MP131AAE3, STM32MP131AAF3, STM32MP131AAG3, STM32MP131CAE3, STM32MP131CAF3, STM32MP131CAG3, STM32MP131DAE7, STM32MP131DAF7, STM32MP131DAG7, STM32MP131FAE7, STM32MP131FAF7, STM32MP131FAG7, STM32MP133AAE3, STM32MP133AAF3, STM32MP133AAG3, STM32MP133CAE3, STM32MP133CAF3, STM32MP133CAG3, STM32MP133DAE7, STM32MP133DAF7, STM32MP133DAG7, STM32MP133FAE7, STM32MP133FAF7, STM32MP133FAG7, STM32MP135AAE3, STM32MP135AAF3, STM32MP135AAG3, STM32MP135CAE3, STM32MP135CAF3, STM32MP135CAG3, STM32MP135DAE7, STM32MP135DAF7, STM32MP135DAG7, STM32MP135F-DK, STM32MP135FAE7, STM32MP135FAF7, STM32MP135FAF7T, STM32MP135FAF7U, STM32MP135FAG7, STM32U535CBT6, STM32U535CBT6Q, STM32U535CBU6, STM32U535CBU6Q, STM32U535CCT6, STM32U535CCT6Q, STM32U535CCU6, STM32U535CCU6Q, STM32U535CET6, STM32U535CET6Q, STM32U535CEU6, STM32U535CEU6Q, STM32U535JEY6QTR, STM32U535NCY6QTR, STM32U535NEY6QTR, STM32U535RBI6, STM32U535RBI6Q, STM32U535RBT6, STM32U535RBT6Q, STM32U535RCI6, STM32U535RCI6Q, STM32U535RCT6, STM32U535RCT6Q, STM32U535REI6, STM32U535REI6Q, STM32U535RET6, STM32U535RET6Q, STM32U535VCI6, STM32U535VCI6Q, STM32U535VCT6, STM32U535VCT6Q, STM32U535VEI6, STM32U535VEI6Q, STM32U535VET6, STM32U535VET6Q, STM32U545CET6, STM32U545CET6Q, STM32U545CEU6, STM32U545CEU6Q, STM32U545JEY6QTR, STM32U545NEY6QTR, STM32U545REI6, STM32U545REI6Q, STM32U545RET6, STM32U545RET6Q, STM32U545VEI6, STM32U545VEI6Q, STM32U545VET6, STM32U545VET6Q, STM32U595AIH6, STM32U595AIH6Q, STM32U595AJH6, STM32U595AJH6Q, STM32U595QII6, STM32U595QII6Q, STM32U595QJI6, STM32U595QJI6Q, STM32U595RIT6, STM32U595RIT6Q, STM32U595RJT6, STM32U595RJT6Q, STM32U595VIT6, STM32U595VIT6Q, STM32U595VJT6, STM32U595VJT6Q, STM32U595ZIT6, STM32U595ZIT6Q, STM32U595ZIY6QTR, STM32U595ZJT6, STM32U595ZJT6Q, STM32U595ZJY6QTR, STM32U599BJY6QTR, STM32U599NIH6Q, STM32U599NJH6Q, STM32U599VIT6Q, STM32U599VJT6, STM32U599VJT6Q, STM32U599ZIT6Q, STM32U599ZIY6QTR, STM32U599ZJT6Q, STM32U599ZJY6QTR, STM32U5A5AJH6, STM32U5A5AJH6Q, STM32U5A5QJI6, STM32U5A5QJI6Q, STM32U5A5RJT6, STM32U5A5RJT6Q, STM32U5A5VJT6, STM32U5A5VJT6Q, STM32U5A5ZJT6, STM32U5A5ZJT6Q, STM32U5A5ZJY6QTR, STM32U5A9BJY6QTR, STM32U5A9J-DK, STM32U5A9NJH6Q, STM32U5A9VJT6Q, STM32U5A9ZJT6Q, STM32U5A9ZJY6QTR, STM32WB1MMCH6, STM32WBA52CEU6, STM32WBA52CEU6T, STM32WBA52CGU6, STM32WBA52CGU6T, STM32WL5MOCH6, STM32WL5MOCH6TR]
2023-10-14 07:55:28,367 [INFO] DbMcus:216 - Found 3775 MCUs, 3775 are supported
2023-10-14 07:55:28,395 [INFO] ApiDb:423 - Load user favorites file C:\Users\Balaji/.stm32cubeide/favorites.mcus.txt: 0 item(s)
2023-10-14 07:55:28,395 [INFO] ApiDb:427 - User favorites MCUs=[]
2023-10-14 07:55:28,395 [INFO] DbMcus:222 - Set 0 / 0 favorites MCUs
2023-10-14 07:55:28,854 [INFO] ApiDb:423 - Load user favorites file C:\Users\Balaji/.stm32cubeide/favorites.boards.txt: 3 item(s)
2023-10-14 07:55:28,854 [INFO] ApiDb:427 - User favorites Boards=[B-L475E-IOT01A2, NUCLEO-F446RE, STM32H7B3I-DK]
2023-10-14 07:55:28,854 [INFO] DbBoards:190 - Set 3 / 3 favorites Boards
2023-10-14 07:55:28,854 [INFO] McuFinderGlobals:66 - Set McuFinderConnectedMode to true
2023-10-14 07:55:28,885 [INFO] MultiScanPanel:200 - Auto-refresh data requested => check proxy status ongoing
2023-10-14 07:55:28,901 [INFO] FinderPluginLoader:95 - Searching for filters in installed packs
2023-10-14 07:55:32,134 [ERROR] WebUtils:388 - Updater is busy
2023-10-14 07:55:32,134 [WARN] DetailPanel:346 - Failed to get advertising image, set to default
2023-10-14 07:55:33,868 [ERROR] ServerAccessManage:1089 - Problem, file not found on Server
2023-10-14 07:55:34,095 [INFO] ToolPreferences:110 - Table McuList, key=mcufinder_cubeide.mculist: column name not found=IO
2023-10-14 07:55:34,095 [INFO] ToolPreferences:110 - Table McuList, key=mcufinder_cubeide.mculist: column name not found=Freq.
2023-10-14 07:55:35,931 [INFO] ServerAccessManage:473 - Download File STMicroelectronics.X-CUBE-TOUCHGFX.pdsc
2023-10-14 07:55:38,414 [INFO] MultiScanPanel:200 - Auto-refresh data requested => check proxy status ongoing
2023-10-14 07:55:38,659 [ERROR] WebUtils:388 - Updater is busy
2023-10-14 07:55:38,659 [WARN] DetailPanel:346 - Failed to get advertising image, set to default
2023-10-14 07:55:38,690 [INFO] DbBoards:634 - Loading board mini-images...
2023-10-14 07:55:49,548 [INFO] DbBoards:657 - Loaded 187 board mini-images
2023-10-14 07:55:52,076 [INFO] ServerAccessManage:473 - Download File STMicroelectronics.X-CUBE-AZRTOS-L5.pdsc
2023-10-14 07:55:56,177 [INFO] ServerAccessManage:473 - Download File STMicroelectronics.X-CUBE-AZRTOS-WB.pdsc
2023-10-14 07:56:00,610 [INFO] ServerAccessManage:473 - Download File ITTIA_DB.I-CUBE-ITTIADB.pdsc
2023-10-14 07:56:07,003 [INFO] ServerAccessManage:473 - Download File Infineon.AIROC-Wi-Fi-Bluetooth-STM32.pdsc
2023-10-14 07:56:10,277 [WARN] PackLoader:240 - Cannot read IP mode file for STMicroelectronics.FP-SNS-FLIGHT1.5.0.2
2023-10-14 07:56:10,293 [WARN] PackLoader:240 - Cannot read IP mode file for STMicroelectronics.FP-SNS-SMARTAG2.1.2.0
2023-10-14 07:56:10,342 [WARN] PackLoader:240 - Cannot read IP mode file for STMicroelectronics.X-CUBE-AI.8.1.0
2023-10-14 07:56:10,373 [WARN] PackLoader:240 - Cannot read IP mode file for STMicroelectronics.X-CUBE-BLE1.7.0.0
2023-10-14 07:56:10,405 [WARN] PackLoader:240 - Cannot read IP mode file for STMicroelectronics.X-CUBE-FREERTOS.1.1.0
2023-10-14 07:56:10,460 [WARN] PackLoader:240 - Cannot read IP mode file for STMicroelectronics.X-CUBE-NFC6.3.0.0
2023-10-14 07:56:10,510 [INFO] BoardResultTable:719 - Mark Board NUCLEO-F746ZG as favorite
2023-10-14 07:56:10,558 [WARN] PackLoader:240 - Cannot read IP mode file for STMicroelectronics.X-CUBE-TOF1.3.3.1
2023-10-14 07:56:10,714 [WARN] PackLoader:240 - Cannot read IP mode file for STMicroelectronics.X-CUBE-TOUCHGFX.4.22.1
2023-10-14 07:56:10,866 [WARN] PackLoader:240 - Cannot read IP mode file for STMicroelectronics.X-CUBE-AZRTOS-L5.2.0.0
2023-10-14 07:56:10,937 [WARN] ConditionMgr:438 - getConditionDescription Invalid condition id : UX DEVICE CLASS RTOS Condition cause : null
2023-10-14 07:56:10,937 [WARN] ConditionMgr:438 - getConditionDescription Invalid condition id : UX DEVICE CLASS RTOS Condition cause : null
2023-10-14 07:56:10,951 [WARN] PackLoader:240 - Cannot read IP mode file for STMicroelectronics.X-CUBE-AZRTOS-WB.2.0.0
2023-10-14 07:56:10,954 [WARN] ConditionMgr:1039 - genDependencies : Invalid condition id : UX DEVICE CLASS RTOS Condition cause : null
2023-10-14 07:56:10,955 [WARN] ConditionMgr:1039 - genDependencies : Invalid condition id : UX DEVICE CLASS RTOS Condition cause : null
2023-10-14 07:56:10,955 [WARN] ConditionMgr:1039 - genDependencies : Invalid condition id : UX DEVICE CLASS RTOS Condition cause : null
2023-10-14 07:56:10,955 [WARN] ConditionMgr:1039 - genDependencies : Invalid condition id : UX DEVICE CLASS RTOS Condition cause : null
2023-10-14 07:56:10,955 [WARN] ConditionMgr:1039 - genDependencies : Invalid condition id : UX DEVICE CLASS RTOS Condition cause : null
2023-10-14 07:56:10,977 [WARN] PackLoader:240 - Cannot read IP mode file for ITTIA_DB.I-CUBE-ITTIADB.8.8.0
2023-10-14 07:56:11,084 [WARN] PackLoader:240 - Cannot read IP mode file for Infineon.AIROC-Wi-Fi-Bluetooth-STM32.1.5.1
2023-10-14 07:56:11,131 [INFO] PopulateThirdPartyThread:66 - Ending populate Thread
2023-10-14 07:56:11,131 [INFO] ThirdParty:1030 - CMSIS Pack Vendor :STMicroelectronics X-CUBE-AZRTOS-WB 2.0.0
2023-10-14 07:56:11,131 [INFO] ThirdParty:1030 - CMSIS Pack Vendor :STMicroelectronics FP-SNS-SMARTAG2 1.2.0
2023-10-14 07:56:11,131 [INFO] ThirdParty:1030 - CMSIS Pack Vendor :STMicroelectronics X-CUBE-FREERTOS 1.1.0
2023-10-14 07:56:11,131 [INFO] ThirdParty:1030 - CMSIS Pack Vendor :STMicroelectronics FP-SNS-FLIGHT1 5.0.2
2023-10-14 07:56:11,131 [INFO] ThirdParty:1030 - CMSIS Pack Vendor :STMicroelectronics X-CUBE-TOUCHGFX 4.22.1
2023-10-14 07:56:11,131 [INFO] ThirdParty:1030 - CMSIS Pack Vendor :STMicroelectronics X-CUBE-BLE1 7.0.0
2023-10-14 07:56:11,131 [INFO] ThirdParty:1030 - CMSIS Pack Vendor :STMicroelectronics X-CUBE-TOF1 3.3.1
2023-10-14 07:56:11,131 [INFO] ThirdParty:1030 - CMSIS Pack Vendor :STMicroelectronics X-CUBE-AZRTOS-L5 2.0.0
2023-10-14 07:56:11,131 [INFO] ThirdParty:1030 - CMSIS Pack Vendor :STMicroelectronics X-CUBE-NFC6 3.0.0
2023-10-14 07:56:11,131 [INFO] ThirdParty:1030 - CMSIS Pack Vendor :STMicroelectronics X-CUBE-AI 8.1.0
2023-10-14 07:56:11,131 [INFO] ThirdParty:1030 - CMSIS Pack Vendor :Infineon AIROC-Wi-Fi-Bluetooth-STM32 1.5.1
2023-10-14 07:56:11,131 [INFO] ThirdParty:1030 - CMSIS Pack Vendor :ITTIA_DB I-CUBE-ITTIADB 8.8.0
2023-10-14 07:56:11,131 [INFO] LoadServerUpdatesThread:373 - End of LoadServerUpdate Thread
2023-10-14 07:56:11,834 [INFO] CheckServerUpdateThread:120 - End of CheckServer Thread
2023-10-14 07:56:19,324 [INFO] ServerAccessManage:473 - Download File 
2023-10-14 07:56:20,762 [INFO] LoadUrlFilesThread:185 - End of LoadServerUrlFiles without Thread
2023-10-14 07:56:21,250 [INFO] BoardAction:170 - Large Picture
2023-10-14 07:56:41,120 [INFO] BoardAction:75 - Docs & Resources
2023-10-14 07:56:44,644 [INFO] ServerAccessManage:473 - Download File DB3171.pdf
2023-10-14 07:56:45,395 [INFO] LoadUrlFilesThread:156 - End of LoadUrlFiles Thread
2023-10-14 07:56:45,621 [INFO] BoardAction:139 - Datasheet
2023-10-14 07:57:40,029 [INFO] MainUpdater:2854 - connection check result : 10
2023-10-14 07:57:40,029 [INFO] MainUpdater:2854 - connection check result : 10
2023-10-14 07:57:40,095 [INFO] MicroXplorer:468 - Change Database Path : 
2023-10-14 07:57:40,095 [INFO] MicroXplorer:498 - Change Database Version : DB.6.0.81
2023-10-14 07:57:40,095 [WARN] ThirdParty:871 - waiting for thirdparty lock release [close project]
2023-10-14 07:57:40,095 [INFO] ThirdParty:873 - entering critical section [close project]
2023-10-14 07:57:40,095 [INFO] ThirdParty:883 - exiting critical section [close project]
2023-10-14 07:57:40,114 [INFO] PinOutPanel:1499 - setPackage(No Configuration,No Configuration)
2023-10-14 07:57:40,129 [INFO] UtilMem:75 - Begin LoadConfig() Used Memory: 666923976 Bytes (685768704)
2023-10-14 07:57:40,174 [INFO] MicroXplorer:468 - Change Database Path : 
2023-10-14 07:57:40,174 [INFO] MicroXplorer:498 - Change Database Version : DB.6.0.81
2023-10-14 07:57:40,174 [INFO] OpenFileManager:308 - Change cursor
2023-10-14 07:57:40,239 [WARN] IntegrityCheckThread:84 - waiting for thirdparty lock release [integrity check]
2023-10-14 07:57:40,239 [INFO] IntegrityCheckThread:86 - entering critical section [integrity check]
2023-10-14 07:57:41,646 [WARN] PackLoader:240 - Cannot read IP mode file for STMicroelectronics.X-CUBE-SMBUS.2.1.0
2023-10-14 07:57:41,745 [WARN] PackLoader:240 - Cannot read IP mode file for STMicroelectronics.X-CUBE-MEMS1.9.2.0
2023-10-14 07:57:42,330 [WARN] PackLoader:240 - Cannot read IP mode file for STMicroelectronics.X-CUBE-AZRTOS-F7.1.1.0
2023-10-14 07:57:42,358 [WARN] PackLoader:240 - Cannot read IP mode file for STMicroelectronics.X-CUBE-TOUCHGFX.4.19.1
2023-10-14 07:57:42,402 [ERROR] RealEvaluatedCondition:428 - Found unsupported composite condition: CLASS='Data Exchange' GROUP='STM32_MetaDataManager'
2023-10-14 07:57:42,402 [ERROR] RealEvaluatedCondition:428 - Found unsupported composite condition: CLASS='Data Exchange' GROUP='STM32_MetaDataManager'
2023-10-14 07:57:42,402 [WARN] PackLoader:240 - Cannot read IP mode file for STMicroelectronics.FP-SNS-MOTENV1.4.3.0
2023-10-14 07:57:42,448 [WARN] PackLoader:240 - Cannot read IP mode file for STMicroelectronics.FP-SNS-MOTENV1.4.3.2
2023-10-14 07:57:42,471 [WARN] PackLoader:240 - Cannot read IP mode file for STMicroelectronics.FP-SNS-FLIGHT1.5.0.0
2023-10-14 07:57:42,497 [ERROR] RealEvaluatedCondition:428 - Found unsupported composite condition: GROUP='STM32_MetaDataManager' CLASS='Data Exchange'
2023-10-14 07:57:42,497 [ERROR] RealEvaluatedCondition:428 - Found unsupported composite condition: CLASS='Data Exchange' GROUP='STM32_MetaDataManager'
2023-10-14 07:57:42,497 [WARN] PackLoader:240 - Cannot read IP mode file for STMicroelectronics.FP-SNS-MOTENV1.4.3.1
2023-10-14 07:57:42,516 [WARN] PackLoader:240 - Cannot read IP mode file for STMicroelectronics.FP-SNS-FLIGHT1.5.0.1
2023-10-14 07:57:42,548 [WARN] PackLoader:240 - Cannot read IP mode file for STMicroelectronics.X-CUBE-BLE1.6.2.3
2023-10-14 07:57:42,589 [WARN] PackLoader:240 - Cannot read IP mode file for STMicroelectronics.X-CUBE-BLE1.6.2.4
2023-10-14 07:57:42,589 [WARN] PackLoader:240 - Cannot read IP mode file for STMicroelectronics.FP-SNS-FLIGHT1.5.0.2
2023-10-14 07:57:42,625 [WARN] PackLoader:240 - Cannot read IP mode file for STMicroelectronics.X-CUBE-TOUCHGFX.4.19.0
2023-10-14 07:57:42,688 [WARN] PackLoader:240 - Cannot read IP mode file for STMicroelectronics.X-CUBE-TOF1.3.1.0
2023-10-14 07:57:42,834 [WARN] PackLoader:240 - Cannot read IP mode file for STMicroelectronics.X-CUBE-DISPLAY.3.0.0
2023-10-14 07:57:42,867 [WARN] PackLoader:240 - Cannot read IP mode file for STMicroelectronics.X-CUBE-BLE1.7.0.0
2023-10-14 07:57:42,916 [WARN] PackLoader:240 - Cannot read IP mode file for STMicroelectronics.X-CUBE-TOUCHGFX.4.22.0
2023-10-14 07:57:42,932 [WARN] PackLoader:240 - Cannot read IP mode file for STMicroelectronics.X-CUBE-TOUCHGFX.4.22.1
2023-10-14 07:57:43,068 [WARN] PackLoader:240 - Cannot read IP mode file for STMicroelectronics.X-CUBE-MEMS1.9.3.0
2023-10-14 07:57:43,421 [WARN] PackLoader:240 - Cannot read IP mode file for STMicroelectronics.X-CUBE-AI.7.2.0
2023-10-14 07:57:43,421 [WARN] PackLoader:240 - Cannot read IP mode file for STMicroelectronics.FP-SNS-SMARTAG2.1.2.0
2023-10-14 07:57:43,534 [INFO] LogOutputStream:77 - [STDOUT_REDIRECT] 1 : Invalid condition id : UX_CORESTACK_Condition cause : null
2023-10-14 07:57:43,535 [INFO] LogOutputStream:77 - [STDOUT_REDIRECT] 1 : Invalid condition id : UX_CORESTACK_Condition cause : null
2023-10-14 07:57:43,538 [INFO] LogOutputStream:77 - [STDOUT_REDIRECT] 1 : Invalid condition id : UX_CORESTACK_Condition cause : null
2023-10-14 07:57:43,541 [INFO] LogOutputStream:77 - [STDOUT_REDIRECT] 1 : Invalid condition id : UX_CORESTACK_Condition cause : null
2023-10-14 07:57:43,545 [INFO] LogOutputStream:77 - [STDOUT_REDIRECT] 1 : Invalid condition id : UX_CORESTACK_Condition cause : null
2023-10-14 07:57:43,546 [WARN] PackLoader:240 - Cannot read IP mode file for STMicroelectronics.X-CUBE-AZRTOS-WL.2.0.0
2023-10-14 07:57:43,598 [WARN] PackLoader:240 - Cannot read IP mode file for WES.I-CUBE-Cesium.1.3.0
2023-10-14 07:57:43,636 [WARN] PackLoader:240 - Cannot read IP mode file for STMicroelectronics.X-CUBE-BLE2.3.3.0
2023-10-14 07:57:43,685 [WARN] PackLoader:240 - Cannot read IP mode file for STMicroelectronics.X-CUBE-DISPLAY.2.2.0
2023-10-14 07:57:43,736 [WARN] PackLoader:240 - Cannot read IP mode file for STMicroelectronics.X-CUBE-TOF1.3.2.0
2023-10-14 07:57:43,851 [WARN] PackLoader:240 - Cannot read IP mode file for STMicroelectronics.X-CUBE-ISPU.1.0.0
2023-10-14 07:57:43,913 [WARN] PackLoader:240 - Cannot read IP mode file for STMicroelectronics.X-CUBE-AZRTOS-H7.2.1.0
2023-10-14 07:57:43,941 [WARN] PackLoader:240 - Cannot read IP mode file for STMicroelectronics.X-CUBE-TOUCHGFX.4.21.1
2023-10-14 07:57:43,985 [WARN] PackLoader:240 - Cannot read IP mode file for STMicroelectronics.X-CUBE-TOUCHGFX.4.21.0
2023-10-14 07:57:44,051 [WARN] PackLoader:240 - Cannot read IP mode file for STMicroelectronics.X-CUBE-TOUCHGFX.4.21.3
2023-10-14 07:57:44,127 [WARN] PackLoader:240 - Cannot read IP mode file for STMicroelectronics.X-CUBE-TOUCHGFX.4.21.4
2023-10-14 07:57:44,479 [WARN] PackLoader:240 - Cannot read IP mode file for STMicroelectronics.X-CUBE-MEMS1.9.4.0
2023-10-14 07:57:44,796 [WARN] PackLoader:240 - Cannot read IP mode file for STMicroelectronics.X-CUBE-AI.7.3.0
2023-10-14 07:57:44,863 [WARN] PackLoader:240 - Cannot read IP mode file for STMicroelectronics.X-CUBE-AZRTOS-G0.1.1.0
2023-10-14 07:57:45,037 [WARN] PackLoader:240 - Cannot read IP mode file for STMicroelectronics.X-CUBE-NFC4.3.0.0
2023-10-14 07:57:45,125 [WARN] PackLoader:240 - Cannot read IP mode file for STMicroelectronics.X-CUBE-BLEMGR.1.3.0
2023-10-14 07:57:45,164 [WARN] PackLoader:240 - Cannot read IP mode file for STMicroelectronics.FP-ATR-SIGFOX1.3.2.0
2023-10-14 07:57:45,206 [WARN] PackLoader:240 - Cannot read IP mode file for emotas.I-CUBE-CANOPEN.1.1.2
2023-10-14 07:57:45,253 [WARN] PackLoader:240 - Cannot read IP mode file for STMicroelectronics.X-CUBE-TOUCHGFX.4.20.0
2023-10-14 07:57:45,351 [WARN] PackLoader:240 - Cannot read IP mode file for STMicroelectronics.X-CUBE-MEMS1.9.5.0
2023-10-14 07:57:45,733 [WARN] PackLoader:240 - Cannot read IP mode file for SEGGER.I-CUBE-embOS.1.3.1
2023-10-14 07:57:45,918 [WARN] PackLoader:240 - Cannot read IP mode file for STMicroelectronics.X-CUBE-GNSS1.6.0.0
2023-10-14 07:57:45,996 [WARN] PackLoader:240 - Cannot read IP mode file for STMicroelectronics.X-CUBE-AZRTOS-F4.1.1.0
2023-10-14 07:57:46,042 [WARN] PackLoader:240 - Cannot read IP mode file for STMicroelectronics.X-CUBE-AZRTOS-L5.2.0.0
2023-10-14 07:57:46,145 [WARN] PackLoader:240 - Cannot read IP mode file for STMicroelectronics.X-CUBE-MEMS1.9.6.0
2023-10-14 07:57:46,510 [WARN] PackLoader:240 - Cannot read IP mode file for ITTIA_DB.I-CUBE-ITTIADB.8.8.0
2023-10-14 07:57:46,549 [WARN] PackLoader:240 - Cannot read IP mode file for STMicroelectronics.X-CUBE-BLEMGR.2.0.0
2023-10-14 07:57:46,581 [WARN] PackLoader:240 - Cannot read IP mode file for STMicroelectronics.X-CUBE-NFC4.2.0.5
2023-10-14 07:57:46,621 [WARN] PackLoader:240 - Cannot read IP mode file for STMicroelectronics.X-CUBE-NFC4.2.0.4
2023-10-14 07:57:46,693 [WARN] ConditionMgr:438 - getConditionDescription Invalid condition id : UX DEVICE CLASS RTOS Condition cause : null
2023-10-14 07:57:46,693 [WARN] ConditionMgr:438 - getConditionDescription Invalid condition id : UX DEVICE CLASS RTOS Condition cause : null
2023-10-14 07:57:46,693 [WARN] PackLoader:240 - Cannot read IP mode file for STMicroelectronics.X-CUBE-AZRTOS-H7.3.1.0
2023-10-14 07:57:46,693 [WARN] ConditionMgr:1039 - genDependencies : Invalid condition id : UX DEVICE CLASS RTOS Condition cause : null
2023-10-14 07:57:46,693 [WARN] ConditionMgr:1039 - genDependencies : Invalid condition id : UX DEVICE CLASS RTOS Condition cause : null
2023-10-14 07:57:46,709 [WARN] ConditionMgr:1039 - genDependencies : Invalid condition id : UX DEVICE CLASS RTOS Condition cause : null
2023-10-14 07:57:46,709 [WARN] ConditionMgr:1039 - genDependencies : Invalid condition id : UX DEVICE CLASS RTOS Condition cause : null
2023-10-14 07:57:46,709 [WARN] ConditionMgr:1039 - genDependencies : Invalid condition id : UX DEVICE CLASS RTOS Condition cause : null
2023-10-14 07:57:46,761 [WARN] PackLoader:240 - Cannot read IP mode file for STMicroelectronics.X-CUBE-NFC7.1.0.1
2023-10-14 07:57:46,829 [WARN] PackLoader:240 - Cannot read IP mode file for STMicroelectronics.X-CUBE-NFC7.1.0.0
2023-10-14 07:57:46,845 [WARN] PackLoader:240 - Cannot read IP mode file for STMicroelectronics.X-CUBE-NFC6.3.0.0
2023-10-14 07:57:46,888 [WARN] PackLoader:240 - Cannot read IP mode file for STMicroelectronics.X-CUBE-EEPRMA1.4.1.0
2023-10-14 07:57:46,904 [WARN] PackLoader:240 - Cannot read IP mode file for STMicroelectronics.X-CUBE-AI.8.1.0
2023-10-14 07:57:47,025 [WARN] ConditionMgr:438 - getConditionDescription Invalid condition id : LAN8742 Phy interface Condition cause : null
2023-10-14 07:57:47,025 [WARN] PackLoader:240 - Cannot read IP mode file for STMicroelectronics.X-CUBE-AZRTOS-L4.2.0.0
2023-10-14 07:57:47,040 [WARN] ConditionMgr:1039 - genDependencies : Invalid condition id : LAN8742 Phy interface Condition cause : null
2023-10-14 07:57:47,040 [WARN] ConditionMgr:1039 - genDependencies : Invalid condition id : LAN8742 Phy interface Condition cause : null
2023-10-14 07:57:47,040 [WARN] ConditionMgr:1039 - genDependencies : Invalid condition id : LAN8742 Phy interface Condition cause : null
2023-10-14 07:57:47,087 [WARN] PackLoader:240 - Cannot read IP mode file for STMicroelectronics.X-CUBE-SFXS2LP1.4.0.0
2023-10-14 07:57:47,185 [WARN] PackLoader:240 - Cannot read IP mode file for STMicroelectronics.X-CUBE-AZRTOS-H7.3.0.0
2023-10-14 07:57:47,232 [WARN] PackLoader:240 - Cannot read IP mode file for STMicroelectronics.X-CUBE-ISPU.1.1.0
2023-10-14 07:57:47,273 [WARN] PackLoader:240 - Cannot read IP mode file for STMicroelectronics.X-CUBE-AI.8.0.0
2023-10-14 07:57:47,304 [WARN] ConditionMgr:438 - getConditionDescription Invalid condition id : UX DEVICE CLASS RTOS Condition cause : null
2023-10-14 07:57:47,304 [WARN] ConditionMgr:438 - getConditionDescription Invalid condition id : UX DEVICE CLASS RTOS Condition cause : null
2023-10-14 07:57:47,320 [WARN] PackLoader:240 - Cannot read IP mode file for STMicroelectronics.X-CUBE-AZRTOS-WB.2.0.0
2023-10-14 07:57:47,320 [WARN] ConditionMgr:1039 - genDependencies : Invalid condition id : UX DEVICE CLASS RTOS Condition cause : null
2023-10-14 07:57:47,320 [WARN] ConditionMgr:1039 - genDependencies : Invalid condition id : UX DEVICE CLASS RTOS Condition cause : null
2023-10-14 07:57:47,320 [WARN] ConditionMgr:1039 - genDependencies : Invalid condition id : UX DEVICE CLASS RTOS Condition cause : null
2023-10-14 07:57:47,320 [WARN] ConditionMgr:1039 - genDependencies : Invalid condition id : UX DEVICE CLASS RTOS Condition cause : null
2023-10-14 07:57:47,320 [WARN] ConditionMgr:1039 - genDependencies : Invalid condition id : UX DEVICE CLASS RTOS Condition cause : null
2023-10-14 07:57:47,369 [WARN] PackLoader:240 - Cannot read IP mode file for STMicroelectronics.X-CUBE-FREERTOS.1.0.0
2023-10-14 07:57:47,470 [WARN] PackLoader:240 - Cannot read IP mode file for STMicroelectronics.X-CUBE-FREERTOS.1.0.1
2023-10-14 07:57:47,527 [WARN] PackLoader:240 - Cannot read IP mode file for STMicroelectronics.X-CUBE-BLEMGR.1.0.0
2023-10-14 07:57:47,587 [WARN] PackLoader:240 - Cannot read IP mode file for STMicroelectronics.X-CUBE-AZRTOS-L5.1.1.0
2023-10-14 07:57:47,641 [WARN] PackLoader:240 - Cannot read IP mode file for STMicroelectronics.X-CUBE-AI.8.0.1
2023-10-14 07:57:47,699 [WARN] PackLoader:240 - Cannot read IP mode file for STMicroelectronics.X-CUBE-SUBG2.5.0.0
2023-10-14 07:57:47,730 [WARN] PackLoader:240 - Cannot read IP mode file for STMicroelectronics.X-CUBE-TOF1.3.3.1
2023-10-14 07:57:47,829 [WARN] PackLoader:240 - Cannot read IP mode file for STMicroelectronics.X-CUBE-AZRTOS-G4.2.0.0
2023-10-14 07:57:47,884 [WARN] PackLoader:240 - Cannot read IP mode file for STMicroelectronics.X-CUBE-TOF1.3.3.0
2023-10-14 07:57:47,925 [WARN] PackLoader:240 - Cannot read IP mode file for STMicroelectronics.FP-ATR-ASTRA1.1.1.1
2023-10-14 07:57:47,940 [WARN] PackLoader:240 - Cannot read IP mode file for Infineon.AIROC-Wi-Fi-Bluetooth-STM32.1.5.1
2023-10-14 07:57:47,991 [WARN] PackLoader:240 - Cannot read IP mode file for STMicroelectronics.FP-ATR-ASTRA1.1.1.0
2023-10-14 07:57:47,991 [WARN] PackLoader:240 - Cannot read IP mode file for STMicroelectronics.X-CUBE-FREERTOS.1.1.0
2023-10-14 07:57:48,032 [WARN] PackLoader:240 - Cannot read IP mode file for portGmbH.I-Cube-SoM-uGOAL.1.1.0
2023-10-14 07:57:48,090 [WARN] PackLoader:240 - Cannot read IP mode file for STMicroelectronics.X-CUBE-AZRTOS-WB.1.1.0
2023-10-14 07:57:48,152 [WARN] PackLoader:240 - Cannot read IP mode file for STMicroelectronics.FP-ATR-ASTRA1.2.0.0
2023-10-14 07:57:48,152 [INFO] ThirdParty:978 - Integrity check success = true
2023-10-14 07:57:48,152 [INFO] IntegrityCheckThread:100 - exiting critical section [integrity check]
2023-10-14 07:57:48,152 [INFO] IntegrityCheckThread:103 - End integrity checks thread
2023-10-14 07:57:48,347 [INFO] Mcu:1937 - Initializing MCU STM32F746ZGTx STM32F746ZGTx STM32F746ZGT6
2023-10-14 07:57:55,686 [INFO] Context:659 - Trying to add GPIOservice into a context  which must be forbidden
2023-10-14 07:57:57,408 [INFO] Rule:228 - rule WakeUp0 Mode is applicable
2023-10-14 07:57:57,408 [INFO] Rule:228 - rule WakeUp0 SIGNAL is applicable
2023-10-14 07:57:57,408 [INFO] Rule:228 - rule WakeUp1 Mode is applicable
2023-10-14 07:57:57,408 [INFO] Rule:228 - rule WakeUp1 SIGNAL is applicable
2023-10-14 07:57:57,408 [INFO] Rule:228 - rule WakeUp2 Mode is applicable
2023-10-14 07:57:57,408 [INFO] Rule:228 - rule WakeUp2 SIGNAL is applicable
2023-10-14 07:57:57,408 [INFO] Rule:228 - rule WakeUp4 Mode is applicable
2023-10-14 07:57:57,408 [INFO] Rule:228 - rule WakeUp4 SIGNAL is applicable
2023-10-14 07:57:57,408 [INFO] Rule:228 - rule WakeUp5 Mode is applicable
2023-10-14 07:57:57,408 [INFO] Rule:228 - rule WakeUp5 SIGNAL is applicable
2023-10-14 07:57:57,408 [INFO] DbConfProperties:307 - Apply Compatibility (0/10 Rules)
2023-10-14 07:57:58,657 [INFO] RtosManager:555 - Registered RTOS mode: class=CMSIS, group=RTOS, mode=CMSIS_V1, owner=FREERTOS
2023-10-14 07:57:58,657 [INFO] RtosManager:555 - Registered RTOS mode: class=CMSIS, group=RTOS2, mode=CMSIS_V2, owner=FREERTOS
2023-10-14 07:57:58,657 [INFO] RtosManager:555 - Registered RTOS mode: class=RTOS, group=Core, mode=CMSIS_V1, owner=FREERTOS
2023-10-14 07:57:58,657 [INFO] RtosManager:555 - Registered RTOS mode: class=RTOS, group=Core, mode=CMSIS_V2, owner=FREERTOS
2023-10-14 07:57:58,657 [WARN] ModelIntegratedComponent:184 - Missing modes for component STMicroelectronics:FreeRTOS:0.0.1:STMicroelectronics:RTOS:FreeRTOS:Core:::10.2.0:
2023-10-14 07:57:58,688 [WARN] ModelIntegratedComponent:63 - No mode defined for component null
2023-10-14 07:57:58,688 [WARN] ModelIntegratedComponent:63 - No mode defined for component null
2023-10-14 07:57:58,688 [WARN] ModelIntegratedComponent:63 - No mode defined for component null
2023-10-14 07:57:58,688 [WARN] ModelIntegratedComponent:63 - No mode defined for component null
2023-10-14 07:57:58,688 [WARN] ModelIntegratedComponent:63 - No mode defined for component null
2023-10-14 07:57:58,688 [WARN] ModelIntegratedComponent:63 - No mode defined for component null
2023-10-14 07:57:58,688 [WARN] ModelIntegratedComponent:63 - No mode defined for component null
2023-10-14 07:57:58,688 [WARN] ModelIntegratedComponent:63 - No mode defined for component null
2023-10-14 07:57:58,688 [WARN] ModelIntegratedComponent:63 - No mode defined for component null
2023-10-14 07:57:58,688 [WARN] ModelIntegratedComponent:63 - No mode defined for component null
2023-10-14 07:57:58,688 [WARN] ModelIntegratedComponent:63 - No mode defined for component null
2023-10-14 07:57:58,688 [WARN] ModelIntegratedComponent:63 - No mode defined for component null
2023-10-14 07:57:58,688 [WARN] ModelIntegratedComponent:63 - No mode defined for component null
2023-10-14 07:57:58,688 [WARN] ModelIntegratedComponent:63 - No mode defined for component null
2023-10-14 07:57:58,688 [WARN] ModelIntegratedComponent:63 - No mode defined for component null
2023-10-14 07:57:58,688 [WARN] ModelIntegratedComponent:63 - No mode defined for component null
2023-10-14 07:57:58,688 [WARN] ModelIntegratedComponent:63 - No mode defined for component null
2023-10-14 07:57:58,688 [WARN] ModelIntegratedComponent:63 - No mode defined for component null
2023-10-14 07:57:58,688 [WARN] ModelIntegratedComponent:63 - No mode defined for component null
2023-10-14 07:57:58,688 [WARN] ModelIntegratedComponent:63 - No mode defined for component null
2023-10-14 07:57:58,688 [WARN] ModelIntegratedComponent:63 - No mode defined for component null
2023-10-14 07:57:58,688 [WARN] ModelIntegratedComponent:63 - No mode defined for component null
2023-10-14 07:57:58,688 [WARN] ModelIntegratedComponent:63 - No mode defined for component null
2023-10-14 07:57:58,688 [WARN] ModelIntegratedComponent:63 - No mode defined for component null
2023-10-14 07:57:58,688 [WARN] ModelIntegratedComponent:63 - No mode defined for component null
2023-10-14 07:57:58,688 [WARN] ModelIntegratedComponent:63 - No mode defined for component null
2023-10-14 07:57:58,688 [WARN] ModelIntegratedComponent:63 - No mode defined for component null
2023-10-14 07:57:58,688 [WARN] ModelIntegratedComponent:63 - No mode defined for component null
2023-10-14 07:57:58,688 [WARN] ModelIntegratedComponent:63 - No mode defined for component null
2023-10-14 07:57:58,688 [WARN] ModelIntegratedComponent:63 - No mode defined for component null
2023-10-14 07:57:58,688 [WARN] ModelIntegratedComponent:63 - No mode defined for component null
2023-10-14 07:57:58,688 [WARN] ModelIntegratedComponent:63 - No mode defined for component null
2023-10-14 07:57:58,688 [WARN] ModelIntegratedComponent:63 - No mode defined for component null
2023-10-14 07:57:59,091 [INFO] ThirdPartyModel:298 - Start build external matchings
2023-10-14 07:58:02,593 [INFO] ThirdPartyModel:316 - End build external matchings
2023-10-14 07:58:02,681 [INFO] ImportTextPane:194 - (OptionalMessage_ERROR) IP (ETH) : Invalid parameter (PHY_Name)
2023-10-14 07:58:02,681 [INFO] ImportTextPane:194 - (OptionalMessage_ERROR) IP (ETH) : Invalid parameter (PHY_Value)
2023-10-14 07:58:02,681 [INFO] ImportTextPane:194 - (OptionalMessage_ERROR) IP (ETH) : Invalid parameter (PhyAddress)
2023-10-14 07:58:02,689 [INFO] ImportTextPane:194 - (OptionalMessage_ERROR) IP (RCC) : Invalid parameter (48MHZClocksFreq_Value)
2023-10-14 07:58:02,689 [INFO] ImportTextPane:194 - (OptionalMessage_ERROR) IP (RCC) : Invalid parameter (ADC12outputFreq_Value)
2023-10-14 07:58:02,689 [INFO] ImportTextPane:194 - (OptionalMessage_ERROR) IP (RCC) : Invalid parameter (ADC34outputFreq_Value)
2023-10-14 07:58:02,689 [INFO] ImportTextPane:194 - (OptionalMessage_ERROR) IP (RCC) : Invalid parameter (FamilyName)
2023-10-14 07:58:02,689 [INFO] ImportTextPane:194 - (OptionalMessage_ERROR) IP (RCC) : Invalid parameter (I2SClocksFreq_Value)
2023-10-14 07:58:02,689 [INFO] ImportTextPane:194 - (OptionalMessage_ERROR) IP (RCC) : Parameter (LCDTFToutputFreq_Value) has invalid value (96000000)
2023-10-14 07:58:02,689 [INFO] ImportTextPane:194 - (OptionalMessage_ERROR) IP (RCC) : Invalid parameter (MCOFreq_Value)
2023-10-14 07:58:02,691 [INFO] ImportTextPane:194 - (OptionalMessage_ERROR) IP (RCC) : Invalid parameter (PLLMCOFreq_Value)
2023-10-14 07:58:02,691 [INFO] ImportTextPane:194 - (OptionalMessage_ERROR) IP (RCC) : Invalid parameter (PLLMUL)
2023-10-14 07:58:02,692 [INFO] ImportTextPane:194 - (OptionalMessage_ERROR) IP (RCC) : Invalid parameter (PRESCALERUSB)
2023-10-14 07:58:02,692 [INFO] ImportTextPane:194 - (OptionalMessage_ERROR) IP (RCC) : Invalid parameter (RTCHSEDivFreq_Value)
2023-10-14 07:58:02,692 [INFO] ImportTextPane:194 - (OptionalMessage_ERROR) IP (RCC) : Parameter (SDMMCFreq_Value) has invalid value (72000000)
2023-10-14 07:58:02,692 [INFO] ImportTextPane:194 - (OptionalMessage_ERROR) IP (RCC) : Invalid parameter (SYSCLKSourceVirtual)
2023-10-14 07:58:02,692 [INFO] ImportTextPane:194 - (OptionalMessage_ERROR) IP (RCC) : Invalid parameter (TIM15Freq_Value)
2023-10-14 07:58:02,692 [INFO] ImportTextPane:194 - (OptionalMessage_ERROR) IP (RCC) : Invalid parameter (TIM16Freq_Value)
2023-10-14 07:58:02,692 [INFO] ImportTextPane:194 - (OptionalMessage_ERROR) IP (RCC) : Invalid parameter (TIM17Freq_Value)
2023-10-14 07:58:02,692 [INFO] ImportTextPane:194 - (OptionalMessage_ERROR) IP (RCC) : Invalid parameter (TIM1Freq_Value)
2023-10-14 07:58:02,692 [INFO] ImportTextPane:194 - (OptionalMessage_ERROR) IP (RCC) : Invalid parameter (TIM20Freq_Value)
2023-10-14 07:58:02,692 [INFO] ImportTextPane:194 - (OptionalMessage_ERROR) IP (RCC) : Invalid parameter (TIM2Freq_Value)
2023-10-14 07:58:02,692 [INFO] ImportTextPane:194 - (OptionalMessage_ERROR) IP (RCC) : Invalid parameter (TIM3Freq_Value)
2023-10-14 07:58:02,692 [INFO] ImportTextPane:194 - (OptionalMessage_ERROR) IP (RCC) : Invalid parameter (TIM8Freq_Value)
2023-10-14 07:58:02,696 [INFO] ImportTextPane:194 - (OptionalMessage_ERROR) IP (RCC) : Invalid parameter (VCOOutput2Freq_Value)
2023-10-14 07:58:02,696 [INFO] ImportTextPane:194 - (OptionalMessage_ERROR) IP (RCC) : Invalid parameter (VcooutputI2S)
2023-10-14 07:58:03,684 [INFO] UtilMem:75 - End LoadConfig() Used Memory: 783039992 Bytes (944766976)
2023-10-14 07:58:04,033 [WARN] ThirdParty:833 - waiting for thirdparty lock release [change project]
2023-10-14 07:58:04,033 [INFO] ThirdParty:835 - entering critical section [change project]
2023-10-14 07:58:04,033 [INFO] ThirdParty:1030 - CMSIS Pack Vendor :STMicroelectronics X-CUBE-ISPU 1.1.0
2023-10-14 07:58:04,033 [INFO] ThirdParty:1030 - CMSIS Pack Vendor :STMicroelectronics X-CUBE-GNSS1 6.0.0
2023-10-14 07:58:04,033 [INFO] ThirdParty:1030 - CMSIS Pack Vendor :STMicroelectronics X-CUBE-AZRTOS-H7 2.1.0
2023-10-14 07:58:04,033 [INFO] ThirdParty:1030 - CMSIS Pack Vendor :STMicroelectronics USB_HOST 2.0.0
2023-10-14 07:58:04,033 [INFO] ThirdParty:1030 - CMSIS Pack Vendor :STMicroelectronics X-CUBE-AZRTOS-F4 1.1.0
2023-10-14 07:58:04,033 [INFO] ThirdParty:1030 - CMSIS Pack Vendor :STMicroelectronics LIBJPEG 8.0.0
2023-10-14 07:58:04,033 [INFO] ThirdParty:1030 - CMSIS Pack Vendor :STMicroelectronics X-CUBE-SMBUS 2.1.0
2023-10-14 07:58:04,033 [INFO] ThirdParty:1030 - CMSIS Pack Vendor :STMicroelectronics USB_DEVICE 3.0.0
2023-10-14 07:58:04,033 [INFO] ThirdParty:1030 - CMSIS Pack Vendor :STMicroelectronics X-CUBE-AI 8.0.0
2023-10-14 07:58:04,033 [INFO] ThirdParty:1030 - CMSIS Pack Vendor :STMicroelectronics X-CUBE-AZRTOS-WB 2.0.0
2023-10-14 07:58:04,033 [INFO] ThirdParty:1030 - CMSIS Pack Vendor :STMicroelectronics X-CUBE-FREERTOS 1.0.0
2023-10-14 07:58:04,033 [INFO] ThirdParty:1030 - CMSIS Pack Vendor :STMicroelectronics X-CUBE-FREERTOS 1.0.1
2023-10-14 07:58:04,033 [INFO] ThirdParty:1030 - CMSIS Pack Vendor :STMicroelectronics X-CUBE-TOUCHGFX 4.21.1
2023-10-14 07:58:04,033 [INFO] ThirdParty:1030 - CMSIS Pack Vendor :STMicroelectronics X-CUBE-TOUCHGFX 4.21.0
2023-10-14 07:58:04,033 [INFO] ThirdParty:1030 - CMSIS Pack Vendor :STMicroelectronics X-CUBE-TOUCHGFX 4.21.3
2023-10-14 07:58:04,033 [INFO] ThirdParty:1030 - CMSIS Pack Vendor :STMicroelectronics X-CUBE-BLEMGR 1.0.0
2023-10-14 07:58:04,033 [INFO] ThirdParty:1030 - CMSIS Pack Vendor :STMicroelectronics X-CUBE-MEMS1 9.2.0
2023-10-14 07:58:04,033 [INFO] ThirdParty:1030 - CMSIS Pack Vendor :STMicroelectronics X-CUBE-AZRTOS-F7 1.1.0
2023-10-14 07:58:04,033 [INFO] ThirdParty:1030 - CMSIS Pack Vendor :STMicroelectronics X-CUBE-TOUCHGFX 4.21.4
2023-10-14 07:58:04,033 [INFO] ThirdParty:1030 - CMSIS Pack Vendor :STMicroelectronics X-CUBE-AZRTOS-L5 2.0.0
2023-10-14 07:58:04,033 [INFO] ThirdParty:1030 - CMSIS Pack Vendor :STMicroelectronics X-CUBE-MEMS1 9.4.0
2023-10-14 07:58:04,033 [INFO] ThirdParty:1030 - CMSIS Pack Vendor :STMicroelectronics USB_DEVICE 2.0.0
2023-10-14 07:58:04,033 [INFO] ThirdParty:1030 - CMSIS Pack Vendor :STMicroelectronics X-CUBE-AI 7.3.0
2023-10-14 07:58:04,033 [INFO] ThirdParty:1030 - CMSIS Pack Vendor :STMicroelectronics X-CUBE-MEMS1 9.6.0
2023-10-14 07:58:04,048 [INFO] ThirdParty:1030 - CMSIS Pack Vendor :ITTIA_DB I-CUBE-ITTIADB 8.8.0
2023-10-14 07:58:04,048 [INFO] ThirdParty:1030 - CMSIS Pack Vendor :STMicroelectronics X-CUBE-TOUCHGFX 4.19.1
2023-10-14 07:58:04,049 [INFO] ThirdParty:1030 - CMSIS Pack Vendor :STMicroelectronics FP-SNS-MOTENV1 4.3.0
2023-10-14 07:58:04,049 [INFO] ThirdParty:1030 - CMSIS Pack Vendor :STMicroelectronics FP-SNS-MOTENV1 4.3.2
2023-10-14 07:58:04,049 [INFO] ThirdParty:1030 - CMSIS Pack Vendor :STMicroelectronics FP-SNS-FLIGHT1 5.0.0
2023-10-14 07:58:04,049 [INFO] ThirdParty:1030 - CMSIS Pack Vendor :STMicroelectronics FP-SNS-MOTENV1 4.3.1
2023-10-14 07:58:04,049 [INFO] ThirdParty:1030 - CMSIS Pack Vendor :STMicroelectronics FP-SNS-FLIGHT1 5.0.1
2023-10-14 07:58:04,049 [INFO] ThirdParty:1030 - CMSIS Pack Vendor :STMicroelectronics X-CUBE-BLE1 6.2.3
2023-10-14 07:58:04,049 [INFO] ThirdParty:1030 - CMSIS Pack Vendor :STMicroelectronics X-CUBE-BLE1 6.2.4
2023-10-14 07:58:04,049 [INFO] ThirdParty:1030 - CMSIS Pack Vendor :STMicroelectronics X-CUBE-AZRTOS-L5 1.1.0
2023-10-14 07:58:04,049 [INFO] ThirdParty:1030 - CMSIS Pack Vendor :STMicroelectronics FreeRTOS 0.0.1
2023-10-14 07:58:04,049 [INFO] ThirdParty:1030 - CMSIS Pack Vendor :STMicroelectronics X-CUBE-AZRTOS-G0 1.1.0
2023-10-14 07:58:04,049 [INFO] ThirdParty:1030 - CMSIS Pack Vendor :STMicroelectronics X-CUBE-BLEMGR 2.0.0
2023-10-14 07:58:04,049 [INFO] ThirdParty:1030 - CMSIS Pack Vendor :STMicroelectronics X-CUBE-AI 8.0.1
2023-10-14 07:58:04,049 [INFO] ThirdParty:1030 - CMSIS Pack Vendor :STMicroelectronics X-CUBE-NFC4 3.0.0
2023-10-14 07:58:04,049 [INFO] ThirdParty:1030 - CMSIS Pack Vendor :STMicroelectronics X-CUBE-SUBG2 5.0.0
2023-10-14 07:58:04,049 [INFO] ThirdParty:1030 - CMSIS Pack Vendor :STMicroelectronics STM32_WPAN 1.0.0
2023-10-14 07:58:04,049 [INFO] ThirdParty:1030 - CMSIS Pack Vendor :STMicroelectronics lwIP 2.0.3
2023-10-14 07:58:04,049 [INFO] ThirdParty:1030 - CMSIS Pack Vendor :STMicroelectronics FP-SNS-FLIGHT1 5.0.2
2023-10-14 07:58:04,049 [INFO] ThirdParty:1030 - CMSIS Pack Vendor :STMicroelectronics X-CUBE-NFC4 2.0.5
2023-10-14 07:58:04,049 [INFO] ThirdParty:1030 - CMSIS Pack Vendor :STMicroelectronics X-CUBE-NFC4 2.0.4
2023-10-14 07:58:04,049 [INFO] ThirdParty:1030 - CMSIS Pack Vendor :STMicroelectronics USB_HOST 1.0.0
2023-10-14 07:58:04,049 [INFO] ThirdParty:1030 - CMSIS Pack Vendor :STMicroelectronics X-CUBE-TOF1 3.3.1
2023-10-14 07:58:04,049 [INFO] ThirdParty:1030 - CMSIS Pack Vendor :STMicroelectronics X-CUBE-AZRTOS-G4 2.0.0
2023-10-14 07:58:04,049 [INFO] ThirdParty:1030 - CMSIS Pack Vendor :STMicroelectronics PDM2PCM 3.1.0
2023-10-14 07:58:04,049 [INFO] ThirdParty:1030 - CMSIS Pack Vendor :STMicroelectronics X-CUBE-AZRTOS-H7 3.1.0
2023-10-14 07:58:04,049 [INFO] ThirdParty:1030 - CMSIS Pack Vendor :STMicroelectronics X-CUBE-TOF1 3.3.0
2023-10-14 07:58:04,049 [INFO] ThirdParty:1030 - CMSIS Pack Vendor :STMicroelectronics FP-ATR-ASTRA1 1.1.1
2023-10-14 07:58:04,049 [INFO] ThirdParty:1030 - CMSIS Pack Vendor :Infineon AIROC-Wi-Fi-Bluetooth-STM32 1.5.1
2023-10-14 07:58:04,049 [INFO] ThirdParty:1030 - CMSIS Pack Vendor :STMicroelectronics X-CUBE-TOUCHGFX 4.19.0
2023-10-14 07:58:04,049 [INFO] ThirdParty:1030 - CMSIS Pack Vendor :STMicroelectronics PDM2PCM 3.3.0
2023-10-14 07:58:04,049 [INFO] ThirdParty:1030 - CMSIS Pack Vendor :STMicroelectronics X-CUBE-TOF1 3.1.0
2023-10-14 07:58:04,049 [INFO] ThirdParty:1030 - CMSIS Pack Vendor :STMicroelectronics FP-ATR-ASTRA1 1.1.0
2023-10-14 07:58:04,049 [INFO] ThirdParty:1030 - CMSIS Pack Vendor :STMicroelectronics X-CUBE-DISPLAY 3.0.0
2023-10-14 07:58:04,049 [INFO] ThirdParty:1030 - CMSIS Pack Vendor :STMicroelectronics X-CUBE-BLEMGR 1.3.0
2023-10-14 07:58:04,049 [INFO] ThirdParty:1030 - CMSIS Pack Vendor :STMicroelectronics X-CUBE-BLE1 7.0.0
2023-10-14 07:58:04,049 [INFO] ThirdParty:1030 - CMSIS Pack Vendor :STMicroelectronics FP-ATR-SIGFOX1 3.2.0
2023-10-14 07:58:04,049 [INFO] ThirdParty:1030 - CMSIS Pack Vendor :STMicroelectronics HAL Drivers 0.0.0
2023-10-14 07:58:04,049 [INFO] ThirdParty:1030 - CMSIS Pack Vendor :STMicroelectronics MBEDTLS 2.16.2
2023-10-14 07:58:04,049 [INFO] ThirdParty:1030 - CMSIS Pack Vendor :emotas I-CUBE-CANOPEN 1.1.2
2023-10-14 07:58:04,049 [INFO] ThirdParty:1030 - CMSIS Pack Vendor :STMicroelectronics X-CUBE-TOUCHGFX 4.20.0
2023-10-14 07:58:04,049 [INFO] ThirdParty:1030 - CMSIS Pack Vendor :STMicroelectronics X-CUBE-FREERTOS 1.1.0
2023-10-14 07:58:04,049 [INFO] ThirdParty:1030 - CMSIS Pack Vendor :STMicroelectronics X-CUBE-TOUCHGFX 4.22.0
2023-10-14 07:58:04,049 [INFO] ThirdParty:1030 - CMSIS Pack Vendor :STMicroelectronics X-CUBE-NFC7 1.0.1
2023-10-14 07:58:04,049 [INFO] ThirdParty:1030 - CMSIS Pack Vendor :STMicroelectronics MBEDTLS 2.14.1
2023-10-14 07:58:04,049 [INFO] ThirdParty:1030 - CMSIS Pack Vendor :STMicroelectronics X-CUBE-NFC7 1.0.0
2023-10-14 07:58:04,049 [INFO] ThirdParty:1030 - CMSIS Pack Vendor :STMicroelectronics X-CUBE-TOUCHGFX 4.22.1
2023-10-14 07:58:04,049 [INFO] ThirdParty:1030 - CMSIS Pack Vendor :STMicroelectronics X-CUBE-NFC6 3.0.0
2023-10-14 07:58:04,049 [INFO] ThirdParty:1030 - CMSIS Pack Vendor :STMicroelectronics X-CUBE-MEMS1 9.3.0
2023-10-14 07:58:04,049 [INFO] ThirdParty:1030 - CMSIS Pack Vendor :STMicroelectronics X-CUBE-EEPRMA1 4.1.0
2023-10-14 07:58:04,049 [INFO] ThirdParty:1030 - CMSIS Pack Vendor :portGmbH I-Cube-SoM-uGOAL 1.1.0
2023-10-14 07:58:04,049 [INFO] ThirdParty:1030 - CMSIS Pack Vendor :STMicroelectronics X-CUBE-AI 7.2.0
2023-10-14 07:58:04,049 [INFO] ThirdParty:1030 - CMSIS Pack Vendor :STMicroelectronics X-CUBE-MEMS1 9.5.0
2023-10-14 07:58:04,049 [INFO] ThirdParty:1030 - CMSIS Pack Vendor :STMicroelectronics ThreadX 1.0.0
2023-10-14 07:58:04,049 [INFO] ThirdParty:1030 - CMSIS Pack Vendor :STMicroelectronics FP-SNS-SMARTAG2 1.2.0
2023-10-14 07:58:04,049 [INFO] ThirdParty:1030 - CMSIS Pack Vendor :STMicroelectronics X-CUBE-AZRTOS-WB 1.1.0
2023-10-14 07:58:04,049 [INFO] ThirdParty:1030 - CMSIS Pack Vendor :STMicroelectronics X-CUBE-AZRTOS-WL 2.0.0
2023-10-14 07:58:04,049 [INFO] ThirdParty:1030 - CMSIS Pack Vendor :SEGGER I-CUBE-embOS 1.3.1
2023-10-14 07:58:04,049 [INFO] ThirdParty:1030 - CMSIS Pack Vendor :STMicroelectronics USB_DEVICE 1.0.0
2023-10-14 07:58:04,049 [INFO] ThirdParty:1030 - CMSIS Pack Vendor :STMicroelectronics X-CUBE-AI 8.1.0
2023-10-14 07:58:04,049 [INFO] ThirdParty:1030 - CMSIS Pack Vendor :STMicroelectronics X-CUBE-AZRTOS-L4 2.0.0
2023-10-14 07:58:04,049 [INFO] ThirdParty:1030 - CMSIS Pack Vendor :STMicroelectronics ThreadX 0.0.2
2023-10-14 07:58:04,049 [INFO] ThirdParty:1030 - CMSIS Pack Vendor :WES I-CUBE-Cesium 1.3.0
2023-10-14 07:58:04,049 [INFO] ThirdParty:1030 - CMSIS Pack Vendor :STMicroelectronics FP-ATR-ASTRA1 2.0.0
2023-10-14 07:58:04,049 [INFO] ThirdParty:1030 - CMSIS Pack Vendor :STMicroelectronics lwIP 2.1.2
2023-10-14 07:58:04,049 [INFO] ThirdParty:1030 - CMSIS Pack Vendor :STMicroelectronics X-CUBE-SFXS2LP1 4.0.0
2023-10-14 07:58:04,049 [INFO] ThirdParty:1030 - CMSIS Pack Vendor :STMicroelectronics X-CUBE-BLE2 3.3.0
2023-10-14 07:58:04,049 [INFO] ThirdParty:1030 - CMSIS Pack Vendor :STMicroelectronics X-CUBE-DISPLAY 2.2.0
2023-10-14 07:58:04,049 [INFO] ThirdParty:1030 - CMSIS Pack Vendor :STMicroelectronics X-CUBE-TOF1 3.2.0
2023-10-14 07:58:04,049 [INFO] ThirdParty:1030 - CMSIS Pack Vendor :STMicroelectronics PDM2PCM 3.2.0
2023-10-14 07:58:04,049 [INFO] ThirdParty:1030 - CMSIS Pack Vendor :STMicroelectronics X-CUBE-AZRTOS-H7 3.0.0
2023-10-14 07:58:04,049 [INFO] ThirdParty:1030 - CMSIS Pack Vendor :STMicroelectronics X-CUBE-ISPU 1.0.0
2023-10-14 07:58:04,049 [INFO] ThirdParty:841 - exiting critical section [change project]
2023-10-14 07:58:05,300 [INFO] PinOutPanel:1499 - setPackage(No Configuration,No Configuration)
2023-10-14 07:58:05,300 [INFO] PinOutPanel:1499 - setPackage(STM32F746ZGTx,LQFP144)
2023-10-14 07:58:07,570 [INFO] UtilMem:75 - Before build in PCC Used Memory: 815817248 Bytes (944766976)
2023-10-14 07:58:09,626 [INFO] UtilMem:75 - After build in PCC Used Memory: 796307984 Bytes (944766976)
2023-10-14 07:58:09,704 [INFO] IPUIPlugin:80 - create IPUIPlugin
2023-10-14 07:58:09,704 [INFO] IPUIPlugin:80 - create IPUIPlugin
2023-10-14 07:58:09,704 [INFO] IPUIPlugin:80 - create IPUIPlugin
2023-10-14 07:58:09,704 [INFO] IPUIPlugin:80 - create IPUIPlugin
2023-10-14 07:58:09,704 [INFO] IPUIPlugin:80 - create IPUIPlugin
2023-10-14 07:58:09,704 [INFO] IPUIPlugin:80 - create IPUIPlugin
2023-10-14 07:58:09,704 [INFO] IPUIPlugin:80 - create IPUIPlugin
2023-10-14 07:58:09,704 [INFO] IPUIPlugin:80 - create IPUIPlugin
2023-10-14 07:58:09,704 [INFO] IPUIPlugin:80 - create IPUIPlugin
2023-10-14 07:58:09,704 [INFO] IPUIPlugin:80 - create IPUIPlugin
2023-10-14 07:58:09,704 [INFO] IPUIPlugin:80 - create IPUIPlugin
2023-10-14 07:58:09,704 [INFO] IPUIPlugin:80 - create IPUIPlugin
2023-10-14 07:58:09,704 [INFO] IPUIPlugin:80 - create IPUIPlugin
2023-10-14 07:58:09,704 [INFO] IPUIPlugin:80 - create IPUIPlugin
2023-10-14 07:58:09,704 [INFO] IPUIPlugin:80 - create IPUIPlugin
2023-10-14 07:58:09,704 [INFO] IPUIPlugin:80 - create IPUIPlugin
2023-10-14 07:58:09,704 [INFO] IPUIPlugin:80 - create IPUIPlugin
2023-10-14 07:58:09,704 [INFO] IPUIPlugin:80 - create IPUIPlugin
2023-10-14 07:58:09,704 [INFO] IPUIPlugin:80 - create IPUIPlugin
2023-10-14 07:58:09,704 [INFO] IPUIPlugin:80 - create IPUIPlugin
2023-10-14 07:58:09,704 [INFO] IPUIPlugin:80 - create IPUIPlugin
2023-10-14 07:58:09,704 [INFO] IPUIPlugin:80 - create IPUIPlugin
2023-10-14 07:58:09,704 [INFO] IPUIPlugin:80 - create IPUIPlugin
2023-10-14 07:58:09,704 [INFO] IPUIPlugin:80 - create IPUIPlugin
2023-10-14 07:58:09,704 [INFO] IPUIPlugin:80 - create IPUIPlugin
2023-10-14 07:58:09,704 [INFO] IPUIPlugin:80 - create IPUIPlugin
2023-10-14 07:58:09,704 [INFO] IPUIPlugin:80 - create IPUIPlugin
2023-10-14 07:58:09,704 [INFO] IPUIPlugin:80 - create IPUIPlugin
2023-10-14 07:58:09,704 [INFO] IPUIPlugin:80 - create IPUIPlugin
2023-10-14 07:58:09,720 [INFO] IPUIPlugin:80 - create IPUIPlugin
2023-10-14 07:58:09,720 [INFO] IPUIPlugin:80 - create IPUIPlugin
2023-10-14 07:58:09,720 [INFO] IPUIPlugin:80 - create IPUIPlugin
2023-10-14 07:58:09,720 [INFO] IPUIPlugin:80 - create IPUIPlugin
2023-10-14 07:58:09,720 [INFO] IPUIPlugin:80 - create IPUIPlugin
2023-10-14 07:58:09,720 [INFO] IPUIPlugin:80 - create IPUIPlugin
2023-10-14 07:58:09,720 [INFO] IPUIPlugin:80 - create IPUIPlugin
2023-10-14 07:58:09,720 [INFO] IPUIPlugin:80 - create IPUIPlugin
2023-10-14 07:58:09,720 [INFO] IPUIPlugin:80 - create IPUIPlugin
2023-10-14 07:58:09,720 [INFO] IPUIPlugin:80 - create IPUIPlugin
2023-10-14 07:58:09,720 [INFO] IPUIPlugin:80 - create IPUIPlugin
2023-10-14 07:58:09,720 [INFO] IPUIPlugin:80 - create IPUIPlugin
2023-10-14 07:58:09,720 [INFO] IPUIPlugin:80 - create IPUIPlugin
2023-10-14 07:58:09,720 [INFO] IPUIPlugin:80 - create IPUIPlugin
2023-10-14 07:58:09,720 [INFO] IPUIPlugin:80 - create IPUIPlugin
2023-10-14 07:58:09,720 [INFO] IPUIPlugin:80 - create IPUIPlugin
2023-10-14 07:58:09,736 [INFO] IPUIPlugin:80 - create IPUIPlugin
2023-10-14 07:58:09,736 [INFO] IPUIPlugin:80 - create IPUIPlugin
2023-10-14 07:58:09,736 [INFO] IPUIPlugin:80 - create IPUIPlugin
2023-10-14 07:58:09,736 [INFO] IPUIPlugin:80 - create IPUIPlugin
2023-10-14 07:58:09,736 [INFO] IPUIPlugin:80 - create IPUIPlugin
2023-10-14 07:58:09,736 [INFO] IPUIPlugin:80 - create IPUIPlugin
2023-10-14 07:58:09,736 [INFO] IPUIPlugin:80 - create IPUIPlugin
2023-10-14 07:58:09,736 [INFO] IPUIPlugin:80 - create IPUIPlugin
2023-10-14 07:58:09,736 [INFO] IPUIPlugin:80 - create IPUIPlugin
2023-10-14 07:58:09,736 [INFO] IPUIPlugin:80 - create IPUIPlugin
2023-10-14 07:58:09,736 [INFO] IPUIPlugin:80 - create IPUIPlugin
2023-10-14 07:58:09,736 [INFO] IPUIPlugin:80 - create IPUIPlugin
2023-10-14 07:58:09,736 [INFO] IPUIPlugin:80 - create IPUIPlugin
2023-10-14 07:58:09,736 [INFO] IPUIPlugin:80 - create IPUIPlugin
2023-10-14 07:58:09,736 [INFO] IPUIPlugin:80 - create IPUIPlugin
2023-10-14 07:58:09,736 [INFO] IPUIPlugin:80 - create IPUIPlugin
2023-10-14 07:58:09,736 [INFO] IPUIPlugin:80 - create IPUIPlugin
2023-10-14 07:58:09,736 [INFO] IPUIPlugin:80 - create IPUIPlugin
2023-10-14 07:58:09,736 [INFO] IPUIPlugin:80 - create IPUIPlugin
2023-10-14 07:58:09,736 [INFO] IPUIPlugin:80 - create IPUIPlugin
2023-10-14 07:58:09,736 [INFO] IPUIPlugin:80 - create IPUIPlugin
2023-10-14 07:58:09,736 [INFO] IPUIPlugin:80 - create IPUIPlugin
2023-10-14 07:58:09,736 [INFO] IPUIPlugin:80 - create IPUIPlugin
2023-10-14 07:58:09,736 [INFO] IPUIPlugin:80 - create IPUIPlugin
2023-10-14 07:58:09,736 [INFO] IPUIPlugin:80 - create IPUIPlugin
2023-10-14 07:58:09,751 [INFO] IPUIPlugin:80 - create IPUIPlugin
2023-10-14 07:58:09,751 [INFO] IPUIPlugin:80 - create IPUIPlugin
2023-10-14 07:58:09,751 [INFO] IPUIPlugin:80 - create IPUIPlugin
2023-10-14 07:58:09,751 [INFO] IPUIPlugin:80 - create IPUIPlugin
2023-10-14 07:58:10,008 [INFO] ApiDbMcu:507 - Load IP Config File for PDM2PCM
2023-10-14 07:58:10,658 [INFO] CADModel:165 - CPN selected for project levelSTM32F746ZGT6
2023-10-14 07:58:10,659 [INFO] CADModel:114 - Register for checkConnection events
2023-10-14 07:58:10,704 [INFO] OpenFileManager:328 - Restore cursor
2023-10-14 07:58:15,156 [INFO] UtilMem:75 - End SaveConfig() Used Memory: 810967984 Bytes (944766976)
2023-10-14 07:58:16,771 [INFO] ServerAccessManage:473 - Download File stm32cube_fw_f7_v1170.zip
2023-10-14 08:10:09,651 [INFO] AnalyticsPlugin:363 - Accepted License(s) without tracking enabled: [FW.F7.1.17.0]
2023-10-14 08:10:09,651 [INFO] FileExtend:240 - Unzip File : stm32cube_fw_f7_v1170.zip
2023-10-14 08:10:09,653 [INFO] FileExtend:255 - Standard Zip Deflate
2023-10-14 08:19:17,470 [INFO] ServerAccessManage:473 - Download File stm32cube_fw_f7_v1171.zip
2023-10-14 08:19:33,772 [INFO] FileExtend:240 - Unzip File : stm32cube_fw_f7_v1171.zip
2023-10-14 08:19:33,772 [INFO] FileExtend:255 - Standard Zip Deflate
2023-10-14 08:19:57,783 [INFO] LoadServerPackagesThread:196 - End of LoadServerPackages Thread
2023-10-14 08:20:00,316 [INFO] ThirdPartyModel:298 - Start build external matchings
2023-10-14 08:20:06,293 [INFO] ThirdPartyModel:316 - End build external matchings
2023-10-14 08:20:06,352 [INFO] CheckServerUpdateThread:120 - End of CheckServer Thread
2023-10-14 08:20:12,907 [INFO] UtilMem:75 - End SaveConfig() Used Memory: 944554976 Bytes (1073741824)
2023-10-14 08:20:20,847 [INFO] BlockDiagram:2759 - set Specific Code input for plugin: SYS
2023-10-14 08:20:20,847 [INFO] BlockDiagram:2759 - set Specific Code input for plugin: RCC
2023-10-14 08:20:20,847 [INFO] BlockDiagram:2759 - set Specific Code input for plugin: USB_OTG_FS
2023-10-14 08:20:20,847 [INFO] BlockDiagram:2759 - set Specific Code input for plugin: NVIC
2023-10-14 08:20:20,847 [INFO] BlockDiagram:2759 - set Specific Code input for plugin: USART
2023-10-14 08:20:20,849 [INFO] BlockDiagram:2759 - set Specific Code input for plugin: GPIO
2023-10-14 08:20:20,849 [INFO] BlockDiagram:2759 - set Specific Code input for plugin: ETH
2023-10-14 08:20:20,851 [INFO] CodeGenerator:793 - code generatio: config db path: C:\ST\STM32CubeIDE_1.3.0\STM32CubeIDE\plugins\com.st.stm32cube.common.mx_6.8.1.202304191431\\db\
2023-10-14 08:20:23,609 [INFO] CodeEngine:255 - oldGeneratedFile, E:\GitHub\STM32F746\workspace\000_LED_Blink\MXTmpFiles\license.tmp_save
2023-10-14 08:20:29,817 [INFO] CodeEngine:279 - Generated code: E:\GitHub\STM32F746\workspace\000_LED_Blink\MXTmpFiles\license.tmp
2023-10-14 08:20:31,088 [INFO] CodeEngine:255 - oldGeneratedFile, E:\GitHub\STM32F746\workspace\000_LED_Blink\MXTmpFiles\gpio.tmp_save
2023-10-14 08:20:31,489 [INFO] CodeEngine:279 - Generated code: E:\GitHub\STM32F746\workspace\000_LED_Blink\MXTmpFiles\gpio.tmp
2023-10-14 08:20:33,650 [WARN] IPConfigManager:2937 - Warning: the RefConfig PWREx_EnableUSBVoltageDetector is not available in your config.xml file
2023-10-14 08:20:33,733 [INFO] CodeEngine:255 - oldGeneratedFile, E:\GitHub\STM32F746\workspace\000_LED_Blink\MXTmpFiles\cortex.tmp_save
2023-10-14 08:20:35,203 [INFO] CodeEngine:279 - Generated code: E:\GitHub\STM32F746\workspace\000_LED_Blink\MXTmpFiles\cortex.tmp
2023-10-14 08:20:35,339 [INFO] CodeEngine:255 - oldGeneratedFile, E:\GitHub\STM32F746\workspace\000_LED_Blink\Core\Src\stm32f7xx_it.c_save
2023-10-14 08:20:36,115 [INFO] CodeEngine:279 - Generated code: E:\GitHub\STM32F746\workspace\000_LED_Blink\Core\Src\stm32f7xx_it.c
2023-10-14 08:20:36,135 [INFO] CodeEngine:255 - oldGeneratedFile, E:\GitHub\STM32F746\workspace\000_LED_Blink\Core\Inc\stm32f7xx_it.h_save
2023-10-14 08:20:36,687 [INFO] CodeEngine:279 - Generated code: E:\GitHub\STM32F746\workspace\000_LED_Blink\Core\Inc\stm32f7xx_it.h
2023-10-14 08:20:36,782 [INFO] CodeEngine:255 - oldGeneratedFile, E:\GitHub\STM32F746\workspace\000_LED_Blink\Core\Src\stm32f7xx_hal_msp.c_save
2023-10-14 08:20:37,329 [INFO] CodeEngine:279 - Generated code: E:\GitHub\STM32F746\workspace\000_LED_Blink\Core\Src\stm32f7xx_hal_msp.c
2023-10-14 08:20:37,380 [INFO] CodeEngine:255 - oldGeneratedFile, E:\GitHub\STM32F746\workspace\000_LED_Blink\MXTmpFiles\system.tmp_save
2023-10-14 08:20:37,543 [INFO] CodeEngine:279 - Generated code: E:\GitHub\STM32F746\workspace\000_LED_Blink\MXTmpFiles\system.tmp
2023-10-14 08:20:37,588 [INFO] CodeEngine:311 - oldGeneratedFile, E:\GitHub\STM32F746\workspace\000_LED_Blink\Core\Inc\stm32f7xx_hal_conf.h_save
2023-10-14 08:20:37,911 [INFO] CodeEngine:335 - Generated code: E:\GitHub\STM32F746\workspace\000_LED_Blink\Core\Inc\stm32f7xx_hal_conf.h
2023-10-14 08:20:38,181 [WARN] IPConfigManager:3431 - IP not found : USB_OTG
2023-10-14 08:20:38,214 [WARN] CodeGenerator:3754 - IP not found : null
2023-10-14 08:20:38,224 [INFO] CodeEngine:255 - oldGeneratedFile, E:\GitHub\STM32F746\workspace\000_LED_Blink\Core\Inc\main.h_save
2023-10-14 08:20:38,885 [INFO] CodeEngine:279 - Generated code: E:\GitHub\STM32F746\workspace\000_LED_Blink\Core\Inc\main.h
2023-10-14 08:20:38,934 [INFO] CodeEngine:255 - oldGeneratedFile, E:\GitHub\STM32F746\workspace\000_LED_Blink\Core\Src\main.c_save
2023-10-14 08:20:39,468 [INFO] CodeEngine:279 - Generated code: E:\GitHub\STM32F746\workspace\000_LED_Blink\Core\Src\main.c
2023-10-14 08:20:43,372 [INFO] ProjectBuilder:2996 - Time for Copy HAL[1] : 2436mS.
2023-10-14 08:20:43,403 [INFO] ProjectBuilder:4304 - Project Generator version: 3.19.2
2023-10-14 08:20:46,349 [INFO] ConfigFileManager:1483 - The Die is : DIE449
2023-10-14 08:20:46,446 [INFO] ApiDbMcu:507 - Load IP Config File for FATFS
2023-10-14 08:20:46,530 [INFO] ApiDbMcu:507 - Load IP Config File for FREERTOS
2023-10-14 08:20:46,573 [INFO] ApiDbMcu:507 - Load IP Config File for LIBJPEG
2023-10-14 08:20:46,624 [INFO] ApiDbMcu:507 - Load IP Config File for LWIP
2023-10-14 08:20:46,675 [INFO] ApiDbMcu:507 - Load IP Config File for MBEDTLS
2023-10-14 08:20:46,798 [INFO] ApiDbMcu:507 - Load IP Config File for USB_DEVICE
2023-10-14 08:20:46,876 [INFO] ApiDbMcu:507 - Load IP Config File for USB_HOST
2023-10-14 08:20:51,203 [INFO] LogOutputStream:77 - [STDOUT_REDIRECT] 
2023-10-14 08:21:07,209 [INFO] ProjectBuilder:4505 - Time for Generating toolchain IDE Files: 23806mS.
2023-10-14 08:21:07,209 [INFO] ProjectBuilder:2867 - Time for Copy CMSIS : 0mS.
2023-10-14 08:21:07,225 [INFO] ProjectBuilder:2867 - Time for Copy CMSIS : 0mS.
2023-10-14 08:21:10,112 [INFO] McuFinderGlobals:66 - Set McuFinderConnectedMode to true
2023-10-14 08:21:10,170 [INFO] ApiDb:448 - Save user favorites file C:\Users\Balaji/.stm32cubeide/favorites.mcus.txt: 0 item(s)
2023-10-14 08:21:10,171 [INFO] ApiDb:452 - User favorites MCUs=[]
2023-10-14 08:21:10,172 [INFO] ApiDb:448 - Save user favorites file C:\Users\Balaji/.stm32cubeide/favorites.boards.txt: 4 item(s)
2023-10-14 08:21:10,173 [INFO] ApiDb:452 - User favorites Boards=[B-L475E-IOT01A2, NUCLEO-F446RE, NUCLEO-F746ZG, STM32H7B3I-DK]
